Log file open, 07/04/23 14:26:19
LogWindows: Failed to load 'aqProf.dll' (GetLastError=126)
LogWindows: File 'aqProf.dll' does not exist
LogWindows: Failed to load 'VtuneApi.dll' (GetLastError=126)
LogWindows: File 'VtuneApi.dll' does not exist
LogWindows: Failed to load 'VtuneApi32e.dll' (GetLastError=126)
LogWindows: File 'VtuneApi32e.dll' does not exist
LogConsoleResponse: Display: Failed to find resolution value strings in scalability ini. Falling back to default.
LogConsoleResponse: Display: Failed to find resolution value strings in scalability ini. Falling back to default.
LogInit: Display: Running engine for game: projectmantle
LogPlatformFile: Not using cached read wrapper
LogTaskGraph: Started task graph with 5 named threads and 35 total threads with 3 sets of task threads.
LogStats: Stats thread started at 0.180653
LogICUInternationalization: ICU TimeZone Detection - Raw Offset: +4:00, Platform Override: ''
LogInit: Display: Loading text-based GConfig....
LogPluginManager: Mounting plugin MegascansPlugin
LogPluginManager: Mounting plugin MeshPainting
LogPluginManager: Mounting plugin XGEController
LogPluginManager: Mounting plugin Paper2D
LogPluginManager: Mounting plugin EnvironmentQueryEditor
LogPluginManager: Mounting plugin AISupport
LogPluginManager: Mounting plugin LightPropagationVolume
LogPluginManager: Mounting plugin CameraShakePreviewer
LogPluginManager: Mounting plugin LiveLink
LogPluginManager: Mounting plugin GameplayCameras
LogPluginManager: Mounting plugin OodleNetwork
LogPluginManager: Mounting plugin OodleData
LogPluginManager: Mounting plugin AnimationSharing
LogPluginManager: Mounting plugin CLionSourceCodeAccess
LogPluginManager: Mounting plugin CodeLiteSourceCodeAccess
LogPluginManager: Mounting plugin GitSourceControl
LogPluginManager: Mounting plugin KDevelopSourceCodeAccess
LogPluginManager: Mounting plugin NullSourceCodeAccess
LogPluginManager: Mounting plugin PixWinPlugin
LogPluginManager: Mounting plugin PerforceSourceControl
LogPluginManager: Mounting plugin PluginUtils
LogPluginManager: Mounting plugin PlasticSourceControl
LogPluginManager: Mounting plugin PropertyAccessNode
LogPluginManager: Mounting plugin AssetManagerEditor
LogPluginManager: Mounting plugin SubversionSourceControl
LogPluginManager: Mounting plugin RiderSourceCodeAccess
LogPluginManager: Mounting plugin TextureFormatOodle
LogPluginManager: Mounting plugin UObjectPlugin
LogPluginManager: Mounting plugin VisualStudioCodeSourceCodeAccess
LogPluginManager: Mounting plugin XCodeSourceCodeAccess
LogPluginManager: Mounting plugin VisualStudioSourceCodeAccess
LogPluginManager: Mounting plugin CryptoKeys
LogPluginManager: Mounting plugin CurveEditorTools
LogPluginManager: Mounting plugin DataValidation
LogPluginManager: Mounting plugin EditorScriptingUtilities
LogPluginManager: Mounting plugin FacialAnimation
LogPluginManager: Mounting plugin GeometryMode
LogPluginManager: Mounting plugin GameplayTagsEditor
LogPluginManager: Mounting plugin MaterialAnalyzer
LogPluginManager: Mounting plugin MacGraphicsSwitching
LogPluginManager: Mounting plugin MobileLauncherProfileWizard
LogPluginManager: Mounting plugin PluginBrowser
LogPluginManager: Mounting plugin SpeedTreeImporter
LogPluginManager: Mounting plugin DatasmithContent
LogPluginManager: Mounting plugin AlembicImporter
LogPluginManager: Mounting plugin VariantManagerContent
LogPluginManager: Mounting plugin AutomationUtils
LogPluginManager: Mounting plugin BackChannel
LogPluginManager: Mounting plugin ChaosCloth
LogPluginManager: Mounting plugin ChaosClothEditor
LogPluginManager: Mounting plugin ChaosNiagara
LogPluginManager: Mounting plugin ChaosEditor
LogPluginManager: Mounting plugin ChaosSolverPlugin
LogPluginManager: Mounting plugin CharacterAI
LogPluginManager: Mounting plugin GeometryCache
LogPluginManager: Mounting plugin GeometryCollectionPlugin
LogPluginManager: Mounting plugin GeometryProcessing
LogPluginManager: Mounting plugin MotoSynth
LogPluginManager: Mounting plugin OpenImageDenoise
LogPluginManager: Mounting plugin PlanarCut
LogPluginManager: Mounting plugin PlatformCrypto
LogPluginManager: Mounting plugin ProxyLODPlugin
LogPluginManager: Mounting plugin PythonScriptPlugin
LogPluginManager: Mounting plugin SkeletalReduction
LogPluginManager: Mounting plugin Niagara
LogPluginManager: Mounting plugin LuminPlatformFeatures
LogPluginManager: Mounting plugin MagicLeap
LogPluginManager: Mounting plugin MagicLeapLightEstimation
LogPluginManager: Mounting plugin MagicLeapMedia
LogPluginManager: Mounting plugin AndroidMedia
LogPluginManager: Mounting plugin MagicLeapPassableWorld
LogPluginManager: Mounting plugin MLSDK
LogPluginManager: Mounting plugin AvfMedia
LogPluginManager: Mounting plugin ImgMedia
LogPluginManager: Mounting plugin MediaCompositing
LogPluginManager: Mounting plugin MediaPlayerEditor
LogPluginManager: Mounting plugin WebMMedia
LogPluginManager: Mounting plugin WmfMedia
LogPluginManager: Mounting plugin TcpMessaging
LogPluginManager: Mounting plugin UdpMessaging
LogPluginManager: Mounting plugin ActorSequence
LogPluginManager: Mounting plugin LevelSequenceEditor
LogPluginManager: Mounting plugin MatineeToLevelSequence
LogPluginManager: Mounting plugin TemplateSequence
LogPluginManager: Mounting plugin OnlineSubsystem
LogPluginManager: Mounting plugin OnlineSubsystemNull
LogPluginManager: Mounting plugin LauncherChunkInstaller
LogPluginManager: Mounting plugin OnlineSubsystemUtils
LogPluginManager: Mounting plugin ActorLayerUtilities
LogPluginManager: Mounting plugin AndroidDeviceProfileSelector
LogPluginManager: Mounting plugin AndroidPermission
LogPluginManager: Mounting plugin AndroidMoviePlayer
LogPluginManager: Mounting plugin AppleImageUtils
LogPluginManager: Mounting plugin AppleMoviePlayer
LogPluginManager: Mounting plugin ArchVisCharacter
LogPluginManager: Mounting plugin AssetTags
LogPluginManager: Mounting plugin AudioCapture
LogPluginManager: Mounting plugin AudioSynesthesia
LogPluginManager: Mounting plugin CableComponent
LogPluginManager: Mounting plugin ChunkDownloader
LogPluginManager: Mounting plugin CustomMeshComponent
LogPluginManager: Mounting plugin EditableMesh
LogPluginManager: Mounting plugin ExampleDeviceProfileSelector
LogPluginManager: Mounting plugin GoogleCloudMessaging
LogPluginManager: Mounting plugin GooglePAD
LogPluginManager: Mounting plugin IOSDeviceProfileSelector
LogPluginManager: Mounting plugin LinuxDeviceProfileSelector
LogPluginManager: Mounting plugin LocationServicesBPLibrary
LogPluginManager: Mounting plugin MobilePatchingUtils
LogPluginManager: Mounting plugin OpenXR
LogPluginManager: Mounting plugin OpenXREyeTracker
LogPluginManager: Mounting plugin OpenXRHandTracking
LogPluginManager: Mounting plugin PhysXVehicles
LogPluginManager: Mounting plugin PostSplashScreen
LogPluginManager: Mounting plugin ProceduralMeshComponent
LogPluginManager: Mounting plugin PropertyAccessEditor
LogPluginManager: Mounting plugin RuntimePhysXCooking
LogPluginManager: Mounting plugin SignificanceManager
LogPluginManager: Mounting plugin SoundFields
LogPluginManager: Mounting plugin Synthesis
LogPluginManager: Mounting plugin ScreenshotTools
LogPluginManager: Mounting plugin WebMMoviePlayer
LogPluginManager: Mounting plugin WindowsMoviePlayer
LogPluginManager: Mounting plugin Takes
LogPluginManager: Mounting plugin ContentBrowserAssetDataSource
LogPluginManager: Mounting plugin ContentBrowserClassDataSource
LogPluginManager: Mounting plugin ContentBrowserFileDataSource
LogPluginManager: Mounting plugin OnlineSubsystemGooglePlay
LogPluginManager: Mounting plugin OnlineSubsystemIOS
LogPluginManager: Mounting plugin DatabaseSupport
LogPluginManager: Mounting plugin SQLiteSupport
LogPluginManager: Mounting plugin SQLiteCore
LogPluginManager: Mounting plugin OculusVR
LogPluginManager: Mounting plugin SteamVR
PixWinPlugin: PIX capture plugin failed to initialize! Check that the process is launched from PIX.
LogInit: Using libcurl 7.55.1-DEV
LogInit:  - built for x86_64-pc-win32
LogInit:  - supports SSL with OpenSSL/1.1.1
LogInit:  - supports HTTP deflate (compression) using libz 1.2.8
LogInit:  - other features:
LogInit:      CURL_VERSION_SSL
LogInit:      CURL_VERSION_LIBZ
LogInit:      CURL_VERSION_IPV6
LogInit:      CURL_VERSION_ASYNCHDNS
LogInit:      CURL_VERSION_LARGEFILE
LogInit:      CURL_VERSION_IDN
LogInit:  CurlRequestOptions (configurable via config and command line):
LogInit:  - bVerifyPeer = true  - Libcurl will verify peer certificate
LogInit:  - bUseHttpProxy = false  - Libcurl will NOT use HTTP proxy
LogInit:  - bDontReuseConnections = false  - Libcurl will reuse connections
LogInit:  - MaxHostConnections = 16  - Libcurl will limit the number of connections to a host
LogInit:  - LocalHostAddr = Default
LogInit:  - BufferSize = 65536
LogOnline: OSS: Creating online subsystem instance for: NULL
LogInit: WinSock: version 1.1 (2.2), MaxSocks=32767, MaxUdp=65467
LogOnline: OSS: TryLoadSubsystemAndSetDefault: Loaded subsystem for module [NULL]
LogOculusPluginWrapper: OculusPlugin initialized successfully
LogHMD: Failed initializing OVRPlugin 1.59.0
LogInit: Build: ++UE4+Release-4.27-CL-18319896
LogInit: Engine Version: 4.27.2-18319896+++UE4+Release-4.27
LogInit: Compatible Engine Version: 4.27.0-17155196+++UE4+Release-4.27
LogInit: Net CL: 17155196
LogInit: OS: Windows 10 (Release 2009) (), CPU: 11th Gen Intel(R) Core(TM) i5-11400F @ 2.60GHz, GPU: NVIDIA GeForce GTX 1650 SUPER
LogInit: Compiled (64-bit): Nov 30 2021 07:12:08
LogInit: Compiled with Visual C++: 19.24.28315.00
LogInit: Build Configuration: Development
LogInit: Branch Name: ++UE4+Release-4.27
LogInit: Command Line: 
LogInit: Base Directory: E:/UE4/UE_4.27/Engine/Binaries/Win64/
LogInit: Allocator: TBB
LogInit: Installed Engine Build: 1
LogDevObjectVersion: Number of dev versions registered: 29
LogDevObjectVersion:   Dev-Blueprints (B0D832E4-1F89-4F0D-ACCF-7EB736FD4AA2): 10
LogDevObjectVersion:   Dev-Build (E1C64328-A22C-4D53-A36C-8E866417BD8C): 0
LogDevObjectVersion:   Dev-Core (375EC13C-06E4-48FB-B500-84F0262A717E): 4
LogDevObjectVersion:   Dev-Editor (E4B068ED-F494-42E9-A231-DA0B2E46BB41): 40
LogDevObjectVersion:   Dev-Framework (CFFC743F-43B0-4480-9391-14DF171D2073): 37
LogDevObjectVersion:   Dev-Mobile (B02B49B5-BB20-44E9-A304-32B752E40360): 3
LogDevObjectVersion:   Dev-Networking (A4E4105C-59A1-49B5-A7C5-40C4547EDFEE): 0
LogDevObjectVersion:   Dev-Online (39C831C9-5AE6-47DC-9A44-9C173E1C8E7C): 0
LogDevObjectVersion:   Dev-Physics (78F01B33-EBEA-4F98-B9B4-84EACCB95AA2): 14
LogDevObjectVersion:   Dev-Platform (6631380F-2D4D-43E0-8009-CF276956A95A): 0
LogDevObjectVersion:   Dev-Rendering (12F88B9F-8875-4AFC-A67C-D90C383ABD29): 45
LogDevObjectVersion:   Dev-Sequencer (7B5AE74C-D270-4C10-A958-57980B212A5A): 13
LogDevObjectVersion:   Dev-VR (D7296918-1DD6-4BDD-9DE2-64A83CC13884): 3
LogDevObjectVersion:   Dev-LoadTimes (C2A15278-BFE7-4AFE-6C17-90FF531DF755): 1
LogDevObjectVersion:   Private-Geometry (6EACA3D4-40EC-4CC1-B786-8BED09428FC5): 3
LogDevObjectVersion:   Dev-AnimPhys (29E575DD-E0A3-4627-9D10-D276232CDCEA): 17
LogDevObjectVersion:   Dev-Anim (AF43A65D-7FD3-4947-9873-3E8ED9C1BB05): 15
LogDevObjectVersion:   Dev-ReflectionCapture (6B266CEC-1EC7-4B8F-A30B-E4D90942FC07): 1
LogDevObjectVersion:   Dev-Automation (0DF73D61-A23F-47EA-B727-89E90C41499A): 1
LogDevObjectVersion:   FortniteMain (601D1886-AC64-4F84-AA16-D3DE0DEAC7D6): 47
LogDevObjectVersion:   FortniteRelease (E7086368-6B23-4C58-8439-1B7016265E91): 1
LogDevObjectVersion:   Dev-Enterprise (9DFFBCD6-494F-0158-E221-12823C92A888): 10
LogDevObjectVersion:   Dev-Niagara (F2AED0AC-9AFE-416F-8664-AA7FFA26D6FC): 1
LogDevObjectVersion:   Dev-Destruction (174F1F0B-B4C6-45A5-B13F-2EE8D0FB917D): 10
LogDevObjectVersion:   Dev-Physics-Ext (35F94A83-E258-406C-A318-09F59610247C): 41
LogDevObjectVersion:   Dev-PhysicsMaterial-Chaos (B68FC16E-8B1B-42E2-B453-215C058844FE): 1
LogDevObjectVersion:   Dev-CineCamera (B2E18506-4273-CFC2-A54E-F4BB758BBA07): 1
LogDevObjectVersion:   Dev-VirtualProduction (64F58936-FD1B-42BA-BA96-7289D5D0FA4E): 1
LogDevObjectVersion:   Dev-MediaFramework (6F0ED827-A609-4895-9C91-998D90180EA4): 2
LogInit: Presizing for max 25165824 objects, including 0 objects not considered by GC, pre-allocating 0 bytes for permanent pool.
LogConfig: Applying CVar settings from Section [/Script/Engine.StreamingSettings] File [C:/Users/Gagik/Documents/Unreal Projects/FL/projectmantle/Saved/Config/Windows/Engine.ini]
LogConfig: Setting CVar [[s.MinBulkDataSizeForAsyncLoading:131072]]
LogConfig: Setting CVar [[s.AsyncLoadingThreadEnabled:0]]
LogConfig: Setting CVar [[s.EventDrivenLoaderEnabled:1]]
LogConfig: Setting CVar [[s.WarnIfTimeLimitExceeded:0]]
LogConfig: Setting CVar [[s.TimeLimitExceededMultiplier:1.5]]
LogConfig: Setting CVar [[s.TimeLimitExceededMinTime:0.005]]
LogConfig: Setting CVar [[s.UseBackgroundLevelStreaming:1]]
LogConfig: Setting CVar [[s.PriorityAsyncLoadingExtraTime:15.0]]
LogConfig: Setting CVar [[s.LevelStreamingActorsUpdateTimeLimit:5.0]]
LogConfig: Setting CVar [[s.PriorityLevelStreamingActorsUpdateExtraTime:5.0]]
LogConfig: Setting CVar [[s.LevelStreamingComponentsRegistrationGranularity:10]]
LogConfig: Setting CVar [[s.UnregisterComponentsTimeLimit:1.0]]
LogConfig: Setting CVar [[s.LevelStreamingComponentsUnregistrationGranularity:5]]
LogConfig: Setting CVar [[s.FlushStreamingOnExit:1]]
LogInit: Object subsystem initialized
LogConfig: Setting CVar [[con.DebugEarlyDefault:1]]
LogConfig: Setting CVar [[r.setres:1280x720]]
[2023.07.04-10.26.19:457][  0]LogConfig: Setting CVar [[r.VSync:0]]
[2023.07.04-10.26.19:457][  0]LogConfig: Setting CVar [[r.RHICmdBypass:0]]
[2023.07.04-10.26.19:457][  0]LogConfig: Applying CVar settings from Section [/Script/Engine.RendererSettings] File [C:/Users/Gagik/Documents/Unreal Projects/FL/projectmantle/Saved/Config/Windows/Engine.ini]
[2023.07.04-10.26.19:457][  0]LogConfig: Setting CVar [[r.GPUCrashDebugging:0]]
[2023.07.04-10.26.19:457][  0]LogConfig: Applying CVar settings from Section [/Script/Engine.RendererOverrideSettings] File [C:/Users/Gagik/Documents/Unreal Projects/FL/projectmantle/Saved/Config/Windows/Engine.ini]
[2023.07.04-10.26.19:457][  0]LogConfig: Applying CVar settings from Section [/Script/Engine.StreamingSettings] File [C:/Users/Gagik/Documents/Unreal Projects/FL/projectmantle/Saved/Config/Windows/Engine.ini]
[2023.07.04-10.26.19:457][  0]LogConfig: Setting CVar [[s.MinBulkDataSizeForAsyncLoading:131072]]
[2023.07.04-10.26.19:457][  0]LogConfig: Setting CVar [[s.AsyncLoadingThreadEnabled:0]]
[2023.07.04-10.26.19:457][  0]LogConfig: Setting CVar [[s.EventDrivenLoaderEnabled:1]]
[2023.07.04-10.26.19:457][  0]LogConfig: Setting CVar [[s.WarnIfTimeLimitExceeded:0]]
[2023.07.04-10.26.19:457][  0]LogConfig: Setting CVar [[s.TimeLimitExceededMultiplier:1.5]]
[2023.07.04-10.26.19:457][  0]LogConfig: Setting CVar [[s.TimeLimitExceededMinTime:0.005]]
[2023.07.04-10.26.19:457][  0]LogConfig: Setting CVar [[s.UseBackgroundLevelStreaming:1]]
[2023.07.04-10.26.19:457][  0]LogConfig: Setting CVar [[s.PriorityAsyncLoadingExtraTime:15.0]]
[2023.07.04-10.26.19:457][  0]LogConfig: Setting CVar [[s.LevelStreamingActorsUpdateTimeLimit:5.0]]
[2023.07.04-10.26.19:457][  0]LogConfig: Setting CVar [[s.PriorityLevelStreamingActorsUpdateExtraTime:5.0]]
[2023.07.04-10.26.19:457][  0]LogConfig: Setting CVar [[s.LevelStreamingComponentsRegistrationGranularity:10]]
[2023.07.04-10.26.19:457][  0]LogConfig: Setting CVar [[s.UnregisterComponentsTimeLimit:1.0]]
[2023.07.04-10.26.19:457][  0]LogConfig: Setting CVar [[s.LevelStreamingComponentsUnregistrationGranularity:5]]
[2023.07.04-10.26.19:457][  0]LogConfig: Setting CVar [[s.FlushStreamingOnExit:1]]
[2023.07.04-10.26.19:457][  0]LogConfig: Applying CVar settings from Section [/Script/Engine.GarbageCollectionSettings] File [C:/Users/Gagik/Documents/Unreal Projects/FL/projectmantle/Saved/Config/Windows/Engine.ini]
[2023.07.04-10.26.19:457][  0]LogConfig: Setting CVar [[gc.MaxObjectsNotConsideredByGC:1]]
[2023.07.04-10.26.19:457][  0]LogConfig: Setting CVar [[gc.SizeOfPermanentObjectPool:0]]
[2023.07.04-10.26.19:457][  0]LogConfig: Setting CVar [[gc.FlushStreamingOnGC:0]]
[2023.07.04-10.26.19:457][  0]LogConfig: Setting CVar [[gc.NumRetriesBeforeForcingGC:10]]
[2023.07.04-10.26.19:457][  0]LogConfig: Setting CVar [[gc.AllowParallelGC:1]]
[2023.07.04-10.26.19:457][  0]LogConfig: Setting CVar [[gc.TimeBetweenPurgingPendingKillObjects:61.1]]
[2023.07.04-10.26.19:457][  0]LogConfig: Setting CVar [[gc.MaxObjectsInEditor:25165824]]
[2023.07.04-10.26.19:457][  0]LogConfig: Setting CVar [[gc.IncrementalBeginDestroyEnabled:1]]
[2023.07.04-10.26.19:457][  0]LogConfig: Setting CVar [[gc.CreateGCClusters:1]]
[2023.07.04-10.26.19:457][  0]LogConfig: Setting CVar [[gc.MinGCClusterSize:5]]
[2023.07.04-10.26.19:457][  0]LogConfig: Setting CVar [[gc.ActorClusteringEnabled:0]]
[2023.07.04-10.26.19:457][  0]LogConfig: Setting CVar [[gc.BlueprintClusteringEnabled:0]]
[2023.07.04-10.26.19:457][  0]LogConfig: Setting CVar [[gc.UseDisregardForGCOnDedicatedServers:0]]
[2023.07.04-10.26.19:457][  0]LogConfig: Setting CVar [[gc.MultithreadedDestructionEnabled:1]]
[2023.07.04-10.26.19:457][  0]LogConfig: Applying CVar settings from Section [/Script/Engine.NetworkSettings] File [C:/Users/Gagik/Documents/Unreal Projects/FL/projectmantle/Saved/Config/Windows/Engine.ini]
[2023.07.04-10.26.19:457][  0]LogConfig: Applying CVar settings from Section [/Script/UnrealEd.CookerSettings] File [C:/Users/Gagik/Documents/Unreal Projects/FL/projectmantle/Saved/Config/Windows/Engine.ini]
[2023.07.04-10.26.19:460][  0]LogConfig: Applying CVar settings from Section [ViewDistanceQuality@3] File [C:/Users/Gagik/Documents/Unreal Projects/FL/projectmantle/Saved/Config/Windows/Scalability.ini]
[2023.07.04-10.26.19:460][  0]LogConfig: Setting CVar [[r.SkeletalMeshLODBias:0]]
[2023.07.04-10.26.19:460][  0]LogConfig: Setting CVar [[r.ViewDistanceScale:1.0]]
[2023.07.04-10.26.19:460][  0]LogConfig: Applying CVar settings from Section [AntiAliasingQuality@3] File [C:/Users/Gagik/Documents/Unreal Projects/FL/projectmantle/Saved/Config/Windows/Scalability.ini]
[2023.07.04-10.26.19:460][  0]LogConfig: Setting CVar [[r.PostProcessAAQuality:4]]
[2023.07.04-10.26.19:460][  0]LogConfig: Applying CVar settings from Section [ShadowQuality@3] File [C:/Users/Gagik/Documents/Unreal Projects/FL/projectmantle/Saved/Config/Windows/Scalability.ini]
[2023.07.04-10.26.19:460][  0]LogConfig: Setting CVar [[r.LightFunctionQuality:1]]
[2023.07.04-10.26.19:460][  0]LogConfig: Setting CVar [[r.ShadowQuality:5]]
[2023.07.04-10.26.19:460][  0]LogConfig: Setting CVar [[r.Shadow.CSM.MaxCascades:10]]
[2023.07.04-10.26.19:460][  0]LogConfig: Setting CVar [[r.Shadow.MaxResolution:2048]]
[2023.07.04-10.26.19:460][  0]LogConfig: Setting CVar [[r.Shadow.MaxCSMResolution:2048]]
[2023.07.04-10.26.19:460][  0]LogConfig: Setting CVar [[r.Shadow.RadiusThreshold:0.01]]
[2023.07.04-10.26.19:460][  0]LogConfig: Setting CVar [[r.Shadow.DistanceScale:1.0]]
[2023.07.04-10.26.19:460][  0]LogConfig: Setting CVar [[r.Shadow.CSM.TransitionScale:1.0]]
[2023.07.04-10.26.19:460][  0]LogConfig: Setting CVar [[r.Shadow.PreShadowResolutionFactor:1.0]]
[2023.07.04-10.26.19:460][  0]LogConfig: Setting CVar [[r.DistanceFieldShadowing:1]]
[2023.07.04-10.26.19:460][  0]LogConfig: Setting CVar [[r.DistanceFieldAO:1]]
[2023.07.04-10.26.19:460][  0]LogConfig: Setting CVar [[r.AOQuality:2]]
[2023.07.04-10.26.19:460][  0]LogConfig: Setting CVar [[r.VolumetricFog:1]]
[2023.07.04-10.26.19:460][  0]LogConfig: Setting CVar [[r.VolumetricFog.GridPixelSize:8]]
[2023.07.04-10.26.19:460][  0]LogConfig: Setting CVar [[r.VolumetricFog.GridSizeZ:128]]
[2023.07.04-10.26.19:460][  0]LogConfig: Setting CVar [[r.VolumetricFog.HistoryMissSupersampleCount:4]]
[2023.07.04-10.26.19:460][  0]LogConfig: Setting CVar [[r.LightMaxDrawDistanceScale:1]]
[2023.07.04-10.26.19:460][  0]LogConfig: Setting CVar [[r.CapsuleShadows:1]]
[2023.07.04-10.26.19:460][  0]LogConfig: Applying CVar settings from Section [PostProcessQuality@3] File [C:/Users/Gagik/Documents/Unreal Projects/FL/projectmantle/Saved/Config/Windows/Scalability.ini]
[2023.07.04-10.26.19:460][  0]LogConfig: Setting CVar [[r.MotionBlurQuality:4]]
[2023.07.04-10.26.19:460][  0]LogConfig: Setting CVar [[r.AmbientOcclusionMipLevelFactor:0.4]]
[2023.07.04-10.26.19:460][  0]LogConfig: Setting CVar [[r.AmbientOcclusionMaxQuality:100]]
[2023.07.04-10.26.19:460][  0]LogConfig: Setting CVar [[r.AmbientOcclusionLevels:-1]]
[2023.07.04-10.26.19:460][  0]LogConfig: Setting CVar [[r.AmbientOcclusionRadiusScale:1.0]]
[2023.07.04-10.26.19:460][  0]LogConfig: Setting CVar [[r.DepthOfFieldQuality:2]]
[2023.07.04-10.26.19:460][  0]LogConfig: Setting CVar [[r.RenderTargetPoolMin:400]]
[2023.07.04-10.26.19:460][  0]LogConfig: Setting CVar [[r.LensFlareQuality:2]]
[2023.07.04-10.26.19:460][  0]LogConfig: Setting CVar [[r.SceneColorFringeQuality:1]]
[2023.07.04-10.26.19:460][  0]LogConfig: Setting CVar [[r.EyeAdaptationQuality:2]]
[2023.07.04-10.26.19:460][  0]LogConfig: Setting CVar [[r.BloomQuality:5]]
[2023.07.04-10.26.19:460][  0]LogConfig: Setting CVar [[r.FastBlurThreshold:100]]
[2023.07.04-10.26.19:460][  0]LogConfig: Setting CVar [[r.Upscale.Quality:3]]
[2023.07.04-10.26.19:460][  0]LogConfig: Setting CVar [[r.Tonemapper.GrainQuantization:1]]
[2023.07.04-10.26.19:460][  0]LogConfig: Setting CVar [[r.LightShaftQuality:1]]
[2023.07.04-10.26.19:460][  0]LogConfig: Setting CVar [[r.Filter.SizeScale:1]]
[2023.07.04-10.26.19:460][  0]LogConfig: Setting CVar [[r.Tonemapper.Quality:5]]
[2023.07.04-10.26.19:460][  0]LogConfig: Setting CVar [[r.DOF.Gather.AccumulatorQuality:1        ; higher gathering accumulator quality]]
[2023.07.04-10.26.19:460][  0]LogConfig: Setting CVar [[r.DOF.Gather.PostfilterMethod:1          ; Median3x3 postfilering method]]
[2023.07.04-10.26.19:460][  0]LogConfig: Setting CVar [[r.DOF.Gather.EnableBokehSettings:0       ; no bokeh simulation when gathering]]
[2023.07.04-10.26.19:460][  0]LogConfig: Setting CVar [[r.DOF.Gather.RingCount:4                 ; medium number of samples when gathering]]
[2023.07.04-10.26.19:460][  0]LogConfig: Setting CVar [[r.DOF.Scatter.ForegroundCompositing:1    ; additive foreground scattering]]
[2023.07.04-10.26.19:460][  0]LogConfig: Setting CVar [[r.DOF.Scatter.BackgroundCompositing:2    ; additive background scattering]]
[2023.07.04-10.26.19:460][  0]LogConfig: Setting CVar [[r.DOF.Scatter.EnableBokehSettings:1      ; bokeh simulation when scattering]]
[2023.07.04-10.26.19:460][  0]LogConfig: Setting CVar [[r.DOF.Scatter.MaxSpriteRatio:0.1         ; only a maximum of 10% of scattered bokeh]]
[2023.07.04-10.26.19:460][  0]LogConfig: Setting CVar [[r.DOF.Recombine.Quality:1                ; cheap slight out of focus]]
[2023.07.04-10.26.19:460][  0]LogConfig: Setting CVar [[r.DOF.Recombine.EnableBokehSettings:0    ; no bokeh simulation on slight out of focus]]
[2023.07.04-10.26.19:460][  0]LogConfig: Setting CVar [[r.DOF.TemporalAAQuality:1                ; more stable temporal accumulation]]
[2023.07.04-10.26.19:460][  0]LogConfig: Setting CVar [[r.DOF.Kernel.MaxForegroundRadius:0.025]]
[2023.07.04-10.26.19:460][  0]LogConfig: Setting CVar [[r.DOF.Kernel.MaxBackgroundRadius:0.025]]
[2023.07.04-10.26.19:460][  0]LogConfig: Applying CVar settings from Section [TextureQuality@3] File [C:/Users/Gagik/Documents/Unreal Projects/FL/projectmantle/Saved/Config/Windows/Scalability.ini]
[2023.07.04-10.26.19:460][  0]LogConfig: Setting CVar [[r.Streaming.MipBias:0]]
[2023.07.04-10.26.19:460][  0]LogConfig: Setting CVar [[r.Streaming.AmortizeCPUToGPUCopy:0]]
[2023.07.04-10.26.19:460][  0]LogConfig: Setting CVar [[r.Streaming.MaxNumTexturesToStreamPerFrame:0]]
[2023.07.04-10.26.19:460][  0]LogConfig: Setting CVar [[r.Streaming.Boost:1]]
[2023.07.04-10.26.19:460][  0]LogConfig: Setting CVar [[r.MaxAnisotropy:8]]
[2023.07.04-10.26.19:460][  0]LogConfig: Setting CVar [[r.VT.MaxAnisotropy:8]]
[2023.07.04-10.26.19:460][  0]LogConfig: Setting CVar [[r.Streaming.LimitPoolSizeToVRAM:0]]
[2023.07.04-10.26.19:460][  0]LogConfig: Setting CVar [[r.Streaming.PoolSize:1000]]
[2023.07.04-10.26.19:460][  0]LogConfig: Setting CVar [[r.Streaming.MaxEffectiveScreenSize:0]]
[2023.07.04-10.26.19:460][  0]LogConfig: Applying CVar settings from Section [EffectsQuality@3] File [C:/Users/Gagik/Documents/Unreal Projects/FL/projectmantle/Saved/Config/Windows/Scalability.ini]
[2023.07.04-10.26.19:460][  0]LogConfig: Setting CVar [[r.TranslucencyLightingVolumeDim:64]]
[2023.07.04-10.26.19:460][  0]LogConfig: Setting CVar [[r.RefractionQuality:2]]
[2023.07.04-10.26.19:460][  0]LogConfig: Setting CVar [[r.SSR.Quality:3]]
[2023.07.04-10.26.19:460][  0]LogConfig: Setting CVar [[r.SSR.HalfResSceneColor:0]]
[2023.07.04-10.26.19:460][  0]LogConfig: Setting CVar [[r.SceneColorFormat:4]]
[2023.07.04-10.26.19:460][  0]LogConfig: Setting CVar [[r.DetailMode:2]]
[2023.07.04-10.26.19:460][  0]LogConfig: Setting CVar [[r.TranslucencyVolumeBlur:1]]
[2023.07.04-10.26.19:461][  0]LogConfig: Setting CVar [[r.MaterialQualityLevel:1 ; High quality]]
[2023.07.04-10.26.19:461][  0]LogConfig: Setting CVar [[r.AnisotropicMaterials:1]]
[2023.07.04-10.26.19:461][  0]LogConfig: Setting CVar [[r.SSS.Scale:1]]
[2023.07.04-10.26.19:461][  0]LogConfig: Setting CVar [[r.SSS.SampleSet:2]]
[2023.07.04-10.26.19:461][  0]LogConfig: Setting CVar [[r.SSS.Quality:1]]
[2023.07.04-10.26.19:461][  0]LogConfig: Setting CVar [[r.SSS.HalfRes:0]]
[2023.07.04-10.26.19:461][  0]LogConfig: Setting CVar [[r.SSGI.Quality:3]]
[2023.07.04-10.26.19:461][  0]LogConfig: Setting CVar [[r.EmitterSpawnRateScale:1.0]]
[2023.07.04-10.26.19:461][  0]LogConfig: Setting CVar [[r.ParticleLightQuality:2]]
[2023.07.04-10.26.19:461][  0]LogConfig: Setting CVar [[r.SkyAtmosphere.AerialPerspectiveLUT.FastApplyOnOpaque:1 ; Always have FastSkyLUT 1 in this case to avoid wrong sky]]
[2023.07.04-10.26.19:461][  0]LogConfig: Setting CVar [[r.SkyAtmosphere.AerialPerspectiveLUT.SampleCountMaxPerSlice:4]]
[2023.07.04-10.26.19:461][  0]LogConfig: Setting CVar [[r.SkyAtmosphere.AerialPerspectiveLUT.DepthResolution:16.0]]
[2023.07.04-10.26.19:461][  0]LogConfig: Setting CVar [[r.SkyAtmosphere.FastSkyLUT:1]]
[2023.07.04-10.26.19:461][  0]LogConfig: Setting CVar [[r.SkyAtmosphere.FastSkyLUT.SampleCountMin:4.0]]
[2023.07.04-10.26.19:461][  0]LogConfig: Setting CVar [[r.SkyAtmosphere.FastSkyLUT.SampleCountMax:128.0]]
[2023.07.04-10.26.19:461][  0]LogConfig: Setting CVar [[r.SkyAtmosphere.SampleCountMin:4.0]]
[2023.07.04-10.26.19:461][  0]LogConfig: Setting CVar [[r.SkyAtmosphere.SampleCountMax:128.0]]
[2023.07.04-10.26.19:461][  0]LogConfig: Setting CVar [[r.SkyAtmosphere.TransmittanceLUT.UseSmallFormat:0]]
[2023.07.04-10.26.19:461][  0]LogConfig: Setting CVar [[r.SkyAtmosphere.TransmittanceLUT.SampleCount:10.0]]
[2023.07.04-10.26.19:461][  0]LogConfig: Setting CVar [[r.SkyAtmosphere.MultiScatteringLUT.SampleCount:15.0]]
[2023.07.04-10.26.19:461][  0]LogConfig: Setting CVar [[r.SkyLight.RealTimeReflectionCapture:1]]
[2023.07.04-10.26.19:461][  0]LogConfig: Applying CVar settings from Section [FoliageQuality@3] File [C:/Users/Gagik/Documents/Unreal Projects/FL/projectmantle/Saved/Config/Windows/Scalability.ini]
[2023.07.04-10.26.19:461][  0]LogConfig: Setting CVar [[foliage.DensityScale:1.0]]
[2023.07.04-10.26.19:461][  0]LogConfig: Setting CVar [[grass.DensityScale:1.0]]
[2023.07.04-10.26.19:461][  0]LogConfig: Applying CVar settings from Section [ShadingQuality@3] File [C:/Users/Gagik/Documents/Unreal Projects/FL/projectmantle/Saved/Config/Windows/Scalability.ini]
[2023.07.04-10.26.19:461][  0]LogConfig: Setting CVar [[r.HairStrands.SkyLighting.IntegrationType:2]]
[2023.07.04-10.26.19:461][  0]LogConfig: Setting CVar [[r.HairStrands.SkyAO.SampleCount:4]]
[2023.07.04-10.26.19:461][  0]LogConfig: Setting CVar [[r.HairStrands.Visibility.MSAA.SamplePerPixel:4]]
[2023.07.04-10.26.19:461][  0]LogInit: Selected Device Profile: [Windows]
[2023.07.04-10.26.19:461][  0]LogInit: Applying CVar settings loaded from the selected device profile: [Windows]
[2023.07.04-10.26.19:461][  0]LogHAL: Display: Platform has ~ 24 GB [25616244736 / 34359738368 / 24], which maps to Larger [LargestMinGB=32, LargerMinGB=12, DefaultMinGB=8, SmallerMinGB=6, SmallestMinGB=0)
[2023.07.04-10.26.19:461][  0]LogInit: Going up to parent DeviceProfile []
[2023.07.04-10.26.19:461][  0]LogConfig: Applying CVar settings from Section [ViewDistanceQuality@3] File [C:/Users/Gagik/Documents/Unreal Projects/FL/projectmantle/Saved/Config/Windows/Scalability.ini]
[2023.07.04-10.26.19:461][  0]LogConfig: Setting CVar [[r.SkeletalMeshLODBias:0]]
[2023.07.04-10.26.19:461][  0]LogConfig: Setting CVar [[r.ViewDistanceScale:1.0]]
[2023.07.04-10.26.19:461][  0]LogConfig: Applying CVar settings from Section [AntiAliasingQuality@3] File [C:/Users/Gagik/Documents/Unreal Projects/FL/projectmantle/Saved/Config/Windows/Scalability.ini]
[2023.07.04-10.26.19:461][  0]LogConfig: Setting CVar [[r.PostProcessAAQuality:4]]
[2023.07.04-10.26.19:461][  0]LogConfig: Applying CVar settings from Section [ShadowQuality@3] File [C:/Users/Gagik/Documents/Unreal Projects/FL/projectmantle/Saved/Config/Windows/Scalability.ini]
[2023.07.04-10.26.19:461][  0]LogConfig: Setting CVar [[r.LightFunctionQuality:1]]
[2023.07.04-10.26.19:461][  0]LogConfig: Setting CVar [[r.ShadowQuality:5]]
[2023.07.04-10.26.19:461][  0]LogConfig: Setting CVar [[r.Shadow.CSM.MaxCascades:10]]
[2023.07.04-10.26.19:461][  0]LogConfig: Setting CVar [[r.Shadow.MaxResolution:2048]]
[2023.07.04-10.26.19:461][  0]LogConfig: Setting CVar [[r.Shadow.MaxCSMResolution:2048]]
[2023.07.04-10.26.19:461][  0]LogConfig: Setting CVar [[r.Shadow.RadiusThreshold:0.01]]
[2023.07.04-10.26.19:461][  0]LogConfig: Setting CVar [[r.Shadow.DistanceScale:1.0]]
[2023.07.04-10.26.19:461][  0]LogConfig: Setting CVar [[r.Shadow.CSM.TransitionScale:1.0]]
[2023.07.04-10.26.19:461][  0]LogConfig: Setting CVar [[r.Shadow.PreShadowResolutionFactor:1.0]]
[2023.07.04-10.26.19:461][  0]LogConfig: Setting CVar [[r.DistanceFieldShadowing:1]]
[2023.07.04-10.26.19:461][  0]LogConfig: Setting CVar [[r.DistanceFieldAO:1]]
[2023.07.04-10.26.19:461][  0]LogConfig: Setting CVar [[r.AOQuality:2]]
[2023.07.04-10.26.19:461][  0]LogConfig: Setting CVar [[r.VolumetricFog:1]]
[2023.07.04-10.26.19:461][  0]LogConfig: Setting CVar [[r.VolumetricFog.GridPixelSize:8]]
[2023.07.04-10.26.19:461][  0]LogConfig: Setting CVar [[r.VolumetricFog.GridSizeZ:128]]
[2023.07.04-10.26.19:461][  0]LogConfig: Setting CVar [[r.VolumetricFog.HistoryMissSupersampleCount:4]]
[2023.07.04-10.26.19:461][  0]LogConfig: Setting CVar [[r.LightMaxDrawDistanceScale:1]]
[2023.07.04-10.26.19:461][  0]LogConfig: Setting CVar [[r.CapsuleShadows:1]]
[2023.07.04-10.26.19:461][  0]LogConfig: Applying CVar settings from Section [PostProcessQuality@3] File [C:/Users/Gagik/Documents/Unreal Projects/FL/projectmantle/Saved/Config/Windows/Scalability.ini]
[2023.07.04-10.26.19:461][  0]LogConfig: Setting CVar [[r.MotionBlurQuality:4]]
[2023.07.04-10.26.19:461][  0]LogConfig: Setting CVar [[r.AmbientOcclusionMipLevelFactor:0.4]]
[2023.07.04-10.26.19:461][  0]LogConfig: Setting CVar [[r.AmbientOcclusionMaxQuality:100]]
[2023.07.04-10.26.19:461][  0]LogConfig: Setting CVar [[r.AmbientOcclusionLevels:-1]]
[2023.07.04-10.26.19:461][  0]LogConfig: Setting CVar [[r.AmbientOcclusionRadiusScale:1.0]]
[2023.07.04-10.26.19:461][  0]LogConfig: Setting CVar [[r.DepthOfFieldQuality:2]]
[2023.07.04-10.26.19:461][  0]LogConfig: Setting CVar [[r.RenderTargetPoolMin:400]]
[2023.07.04-10.26.19:461][  0]LogConfig: Setting CVar [[r.LensFlareQuality:2]]
[2023.07.04-10.26.19:461][  0]LogConfig: Setting CVar [[r.SceneColorFringeQuality:1]]
[2023.07.04-10.26.19:461][  0]LogConfig: Setting CVar [[r.EyeAdaptationQuality:2]]
[2023.07.04-10.26.19:461][  0]LogConfig: Setting CVar [[r.BloomQuality:5]]
[2023.07.04-10.26.19:461][  0]LogConfig: Setting CVar [[r.FastBlurThreshold:100]]
[2023.07.04-10.26.19:461][  0]LogConfig: Setting CVar [[r.Upscale.Quality:3]]
[2023.07.04-10.26.19:461][  0]LogConfig: Setting CVar [[r.Tonemapper.GrainQuantization:1]]
[2023.07.04-10.26.19:461][  0]LogConfig: Setting CVar [[r.LightShaftQuality:1]]
[2023.07.04-10.26.19:461][  0]LogConfig: Setting CVar [[r.Filter.SizeScale:1]]
[2023.07.04-10.26.19:461][  0]LogConfig: Setting CVar [[r.Tonemapper.Quality:5]]
[2023.07.04-10.26.19:461][  0]LogConfig: Setting CVar [[r.DOF.Gather.AccumulatorQuality:1        ; higher gathering accumulator quality]]
[2023.07.04-10.26.19:461][  0]LogConfig: Setting CVar [[r.DOF.Gather.PostfilterMethod:1          ; Median3x3 postfilering method]]
[2023.07.04-10.26.19:461][  0]LogConfig: Setting CVar [[r.DOF.Gather.EnableBokehSettings:0       ; no bokeh simulation when gathering]]
[2023.07.04-10.26.19:461][  0]LogConfig: Setting CVar [[r.DOF.Gather.RingCount:4                 ; medium number of samples when gathering]]
[2023.07.04-10.26.19:461][  0]LogConfig: Setting CVar [[r.DOF.Scatter.ForegroundCompositing:1    ; additive foreground scattering]]
[2023.07.04-10.26.19:461][  0]LogConfig: Setting CVar [[r.DOF.Scatter.BackgroundCompositing:2    ; additive background scattering]]
[2023.07.04-10.26.19:461][  0]LogConfig: Setting CVar [[r.DOF.Scatter.EnableBokehSettings:1      ; bokeh simulation when scattering]]
[2023.07.04-10.26.19:461][  0]LogConfig: Setting CVar [[r.DOF.Scatter.MaxSpriteRatio:0.1         ; only a maximum of 10% of scattered bokeh]]
[2023.07.04-10.26.19:461][  0]LogConfig: Setting CVar [[r.DOF.Recombine.Quality:1                ; cheap slight out of focus]]
[2023.07.04-10.26.19:461][  0]LogConfig: Setting CVar [[r.DOF.Recombine.EnableBokehSettings:0    ; no bokeh simulation on slight out of focus]]
[2023.07.04-10.26.19:461][  0]LogConfig: Setting CVar [[r.DOF.TemporalAAQuality:1                ; more stable temporal accumulation]]
[2023.07.04-10.26.19:461][  0]LogConfig: Setting CVar [[r.DOF.Kernel.MaxForegroundRadius:0.025]]
[2023.07.04-10.26.19:461][  0]LogConfig: Setting CVar [[r.DOF.Kernel.MaxBackgroundRadius:0.025]]
[2023.07.04-10.26.19:461][  0]LogConfig: Applying CVar settings from Section [TextureQuality@3] File [C:/Users/Gagik/Documents/Unreal Projects/FL/projectmantle/Saved/Config/Windows/Scalability.ini]
[2023.07.04-10.26.19:461][  0]LogConfig: Setting CVar [[r.Streaming.MipBias:0]]
[2023.07.04-10.26.19:461][  0]LogConfig: Setting CVar [[r.Streaming.AmortizeCPUToGPUCopy:0]]
[2023.07.04-10.26.19:461][  0]LogConfig: Setting CVar [[r.Streaming.MaxNumTexturesToStreamPerFrame:0]]
[2023.07.04-10.26.19:461][  0]LogConfig: Setting CVar [[r.Streaming.Boost:1]]
[2023.07.04-10.26.19:461][  0]LogConfig: Setting CVar [[r.MaxAnisotropy:8]]
[2023.07.04-10.26.19:461][  0]LogConfig: Setting CVar [[r.VT.MaxAnisotropy:8]]
[2023.07.04-10.26.19:461][  0]LogConfig: Setting CVar [[r.Streaming.LimitPoolSizeToVRAM:0]]
[2023.07.04-10.26.19:461][  0]LogConfig: Setting CVar [[r.Streaming.PoolSize:1000]]
[2023.07.04-10.26.19:461][  0]LogConfig: Setting CVar [[r.Streaming.MaxEffectiveScreenSize:0]]
[2023.07.04-10.26.19:461][  0]LogConfig: Applying CVar settings from Section [EffectsQuality@3] File [C:/Users/Gagik/Documents/Unreal Projects/FL/projectmantle/Saved/Config/Windows/Scalability.ini]
[2023.07.04-10.26.19:461][  0]LogConfig: Setting CVar [[r.TranslucencyLightingVolumeDim:64]]
[2023.07.04-10.26.19:461][  0]LogConfig: Setting CVar [[r.RefractionQuality:2]]
[2023.07.04-10.26.19:461][  0]LogConfig: Setting CVar [[r.SSR.Quality:3]]
[2023.07.04-10.26.19:461][  0]LogConfig: Setting CVar [[r.SSR.HalfResSceneColor:0]]
[2023.07.04-10.26.19:461][  0]LogConfig: Setting CVar [[r.SceneColorFormat:4]]
[2023.07.04-10.26.19:461][  0]LogConfig: Setting CVar [[r.DetailMode:2]]
[2023.07.04-10.26.19:461][  0]LogConfig: Setting CVar [[r.TranslucencyVolumeBlur:1]]
[2023.07.04-10.26.19:461][  0]LogConfig: Setting CVar [[r.MaterialQualityLevel:1 ; High quality]]
[2023.07.04-10.26.19:461][  0]LogConfig: Setting CVar [[r.AnisotropicMaterials:1]]
[2023.07.04-10.26.19:461][  0]LogConfig: Setting CVar [[r.SSS.Scale:1]]
[2023.07.04-10.26.19:461][  0]LogConfig: Setting CVar [[r.SSS.SampleSet:2]]
[2023.07.04-10.26.19:461][  0]LogConfig: Setting CVar [[r.SSS.Quality:1]]
[2023.07.04-10.26.19:461][  0]LogConfig: Setting CVar [[r.SSS.HalfRes:0]]
[2023.07.04-10.26.19:461][  0]LogConfig: Setting CVar [[r.SSGI.Quality:3]]
[2023.07.04-10.26.19:461][  0]LogConfig: Setting CVar [[r.EmitterSpawnRateScale:1.0]]
[2023.07.04-10.26.19:461][  0]LogConfig: Setting CVar [[r.ParticleLightQuality:2]]
[2023.07.04-10.26.19:461][  0]LogConfig: Setting CVar [[r.SkyAtmosphere.AerialPerspectiveLUT.FastApplyOnOpaque:1 ; Always have FastSkyLUT 1 in this case to avoid wrong sky]]
[2023.07.04-10.26.19:461][  0]LogConfig: Setting CVar [[r.SkyAtmosphere.AerialPerspectiveLUT.SampleCountMaxPerSlice:4]]
[2023.07.04-10.26.19:461][  0]LogConfig: Setting CVar [[r.SkyAtmosphere.AerialPerspectiveLUT.DepthResolution:16.0]]
[2023.07.04-10.26.19:461][  0]LogConfig: Setting CVar [[r.SkyAtmosphere.FastSkyLUT:1]]
[2023.07.04-10.26.19:461][  0]LogConfig: Setting CVar [[r.SkyAtmosphere.FastSkyLUT.SampleCountMin:4.0]]
[2023.07.04-10.26.19:461][  0]LogConfig: Setting CVar [[r.SkyAtmosphere.FastSkyLUT.SampleCountMax:128.0]]
[2023.07.04-10.26.19:461][  0]LogConfig: Setting CVar [[r.SkyAtmosphere.SampleCountMin:4.0]]
[2023.07.04-10.26.19:461][  0]LogConfig: Setting CVar [[r.SkyAtmosphere.SampleCountMax:128.0]]
[2023.07.04-10.26.19:461][  0]LogConfig: Setting CVar [[r.SkyAtmosphere.TransmittanceLUT.UseSmallFormat:0]]
[2023.07.04-10.26.19:461][  0]LogConfig: Setting CVar [[r.SkyAtmosphere.TransmittanceLUT.SampleCount:10.0]]
[2023.07.04-10.26.19:461][  0]LogConfig: Setting CVar [[r.SkyAtmosphere.MultiScatteringLUT.SampleCount:15.0]]
[2023.07.04-10.26.19:461][  0]LogConfig: Setting CVar [[r.SkyLight.RealTimeReflectionCapture:1]]
[2023.07.04-10.26.19:461][  0]LogConfig: Applying CVar settings from Section [FoliageQuality@3] File [C:/Users/Gagik/Documents/Unreal Projects/FL/projectmantle/Saved/Config/Windows/Scalability.ini]
[2023.07.04-10.26.19:461][  0]LogConfig: Setting CVar [[foliage.DensityScale:1.0]]
[2023.07.04-10.26.19:461][  0]LogConfig: Setting CVar [[grass.DensityScale:1.0]]
[2023.07.04-10.26.19:461][  0]LogConfig: Applying CVar settings from Section [ShadingQuality@3] File [C:/Users/Gagik/Documents/Unreal Projects/FL/projectmantle/Saved/Config/Windows/Scalability.ini]
[2023.07.04-10.26.19:461][  0]LogConfig: Setting CVar [[r.HairStrands.SkyLighting.IntegrationType:2]]
[2023.07.04-10.26.19:461][  0]LogConfig: Setting CVar [[r.HairStrands.SkyAO.SampleCount:4]]
[2023.07.04-10.26.19:461][  0]LogConfig: Setting CVar [[r.HairStrands.Visibility.MSAA.SamplePerPixel:4]]
[2023.07.04-10.26.19:461][  0]LogConfig: Applying CVar settings from Section [Startup] File [../../../Engine/Config/ConsoleVariables.ini]
[2023.07.04-10.26.19:461][  0]LogConfig: Setting CVar [[net.UseAdaptiveNetUpdateFrequency:0]]
[2023.07.04-10.26.19:461][  0]LogConfig: Setting CVar [[p.chaos.AllowCreatePhysxBodies:1]]
[2023.07.04-10.26.19:461][  0]LogConfig: Setting CVar [[fx.SkipVectorVMBackendOptimizations:1]]
[2023.07.04-10.26.19:461][  0]LogConfig: Applying CVar settings from Section [ConsoleVariables] File [C:/Users/Gagik/Documents/Unreal Projects/FL/projectmantle/Saved/Config/Windows/Engine.ini]
[2023.07.04-10.26.19:461][  0]LogConfig: Applying CVar settings from Section [ConsoleVariables] File [C:/Users/Gagik/Documents/Unreal Projects/FL/projectmantle/Saved/Config/Windows/Editor.ini]
[2023.07.04-10.26.19:461][  0]LogInit: Computer: GAGPC
[2023.07.04-10.26.19:461][  0]LogInit: User: Gagik
[2023.07.04-10.26.19:461][  0]LogInit: CPU Page size=4096, Cores=6
[2023.07.04-10.26.19:461][  0]LogInit: High frequency timer resolution =10.000000 MHz
[2023.07.04-10.26.19:461][  0]LogMemory: Memory total: Physical=23.9GB (24GB approx)
[2023.07.04-10.26.19:461][  0]LogMemory: Platform Memory Stats for Windows
[2023.07.04-10.26.19:461][  0]LogMemory: Process Physical Memory: 144.93 MB used, 144.93 MB peak
[2023.07.04-10.26.19:461][  0]LogMemory: Process Virtual Memory: 130.09 MB used, 130.09 MB peak
[2023.07.04-10.26.19:461][  0]LogMemory: Physical Memory: 7300.05 MB used,  17129.50 MB free, 24429.55 MB total
[2023.07.04-10.26.19:461][  0]LogMemory: Virtual Memory: 134202472.00 MB used,  15253.56 MB free, 134217728.00 MB total
[2023.07.04-10.26.19:465][  0]LogWindows: WindowsPlatformFeatures enabled
[2023.07.04-10.26.19:503][  0]LogInit: Physics initialised using underlying interface: PhysX
[2023.07.04-10.26.19:504][  0]LogInit: Using OS detected language (ru-RU).
[2023.07.04-10.26.19:504][  0]LogInit: Using OS detected locale (hy-AM).
[2023.07.04-10.26.19:506][  0]LogTextLocalizationManager: No specific localization for 'ru-RU' exists, so the 'ru' localization will be used.
[2023.07.04-10.26.19:506][  0]LogTextLocalizationResource: LocRes '../../../Engine/Content/Localization/Editor/ru/Editor.locres' could not be opened for reading!
[2023.07.04-10.26.19:506][  0]LogTextLocalizationResource: LocRes '../../../Engine/Content/Localization/EditorTutorials/ru/EditorTutorials.locres' could not be opened for reading!
[2023.07.04-10.26.19:506][  0]LogTextLocalizationResource: LocRes '../../../Engine/Content/Localization/Keywords/ru/Keywords.locres' could not be opened for reading!
[2023.07.04-10.26.19:506][  0]LogTextLocalizationResource: LocRes '../../../Engine/Content/Localization/Category/ru/Category.locres' could not be opened for reading!
[2023.07.04-10.26.19:506][  0]LogTextLocalizationResource: LocRes '../../../Engine/Content/Localization/ToolTips/ru/ToolTips.locres' could not be opened for reading!
[2023.07.04-10.26.19:506][  0]LogTextLocalizationResource: LocRes '../../../Engine/Content/Localization/PropertyNames/ru/PropertyNames.locres' could not be opened for reading!
[2023.07.04-10.26.19:506][  0]LogTextLocalizationResource: LocRes '../../../Engine/Content/Localization/Engine/ru/Engine.locres' could not be opened for reading!
[2023.07.04-10.26.19:507][  0]LogInit: Setting process to per monitor DPI aware
[2023.07.04-10.26.19:513][  0]LogWindowsTextInputMethodSystem: Display: IME system deactivated.
[2023.07.04-10.26.19:522][  0]LogSlate: New Slate User Created.  User Index 0, Is Virtual User: 0
[2023.07.04-10.26.19:522][  0]LogSlate: Slate User Registered.  User Index 0, Is Virtual User: 0
[2023.07.04-10.26.19:658][  0]LogD3D11RHI: Loaded GFSDK_Aftermath_Lib.x64.dll
[2023.07.04-10.26.19:661][  0]LogHMD: Failed to initialize OpenVR with code 110
[2023.07.04-10.26.19:661][  0]LogD3D11RHI: D3D11 min allowed feature level: 11_0
[2023.07.04-10.26.19:661][  0]LogD3D11RHI: D3D11 max allowed feature level: 11_0
[2023.07.04-10.26.19:661][  0]LogD3D11RHI: D3D11 adapters:
[2023.07.04-10.26.19:763][  0]LogD3D11RHI:    0. 'NVIDIA GeForce GTX 1650 SUPER' (Feature Level 11_0)
[2023.07.04-10.26.19:763][  0]LogD3D11RHI:       3943/0/12214 MB DedicatedVideo/DedicatedSystem/SharedSystem, Outputs:1, VendorId:0x10de
[2023.07.04-10.26.19:764][  0]LogD3D11RHI:    1. 'Microsoft Basic Render Driver' (Feature Level 11_0)
[2023.07.04-10.26.19:764][  0]LogD3D11RHI:       0/0/12214 MB DedicatedVideo/DedicatedSystem/SharedSystem, Outputs:0, VendorId:0x1414
[2023.07.04-10.26.19:764][  0]LogD3D11RHI: Chosen D3D11 Adapter:
[2023.07.04-10.26.19:764][  0]LogD3D11RHI:     Description : NVIDIA GeForce GTX 1650 SUPER
[2023.07.04-10.26.19:764][  0]LogD3D11RHI:     VendorId    : 10de
[2023.07.04-10.26.19:764][  0]LogD3D11RHI:     DeviceId    : 2187
[2023.07.04-10.26.19:764][  0]LogD3D11RHI:     SubSysId    : 8d951462
[2023.07.04-10.26.19:764][  0]LogD3D11RHI:     Revision    : 00a1
[2023.07.04-10.26.19:764][  0]LogD3D11RHI:     DedicatedVideoMemory : 4134535168 bytes
[2023.07.04-10.26.19:764][  0]LogD3D11RHI:     DedicatedSystemMemory : 0 bytes
[2023.07.04-10.26.19:764][  0]LogD3D11RHI:     SharedSystemMemory : 12808122368 bytes
[2023.07.04-10.26.19:764][  0]LogD3D11RHI:     AdapterLuid : 0 56958
[2023.07.04-10.26.19:768][  0]LogD3D11RHI: Creating new Direct3DDevice
[2023.07.04-10.26.19:768][  0]LogD3D11RHI:     GPU DeviceId: 0x2187 (for the marketing name, search the web for "GPU Device Id")
[2023.07.04-10.26.19:768][  0]LogWindows: EnumDisplayDevices:
[2023.07.04-10.26.19:768][  0]LogWindows:    0. 'NVIDIA GeForce GTX 1650 SUPER' (P:1 D:1)
[2023.07.04-10.26.19:768][  0]LogWindows:    1. 'NVIDIA GeForce GTX 1650 SUPER' (P:0 D:0)
[2023.07.04-10.26.19:768][  0]LogWindows:    2. 'NVIDIA GeForce GTX 1650 SUPER' (P:0 D:0)
[2023.07.04-10.26.19:768][  0]LogWindows:    3. 'NVIDIA GeForce GTX 1650 SUPER' (P:0 D:0)
[2023.07.04-10.26.19:768][  0]LogWindows: DebugString: FoundDriverCount:4 
[2023.07.04-10.26.19:768][  0]LogD3D11RHI:     Adapter Name: NVIDIA GeForce GTX 1650 SUPER
[2023.07.04-10.26.19:768][  0]LogD3D11RHI:   Driver Version: 535.98 (internal:31.0.15.3598, unified:535.98)
[2023.07.04-10.26.19:768][  0]LogD3D11RHI:      Driver Date: 5-24-2023
[2023.07.04-10.26.19:768][  0]LogRHI: Texture pool is 2760 MB (70% of 3943 MB)
[2023.07.04-10.26.19:768][  0]LogD3D11RHI: Creating D3DDevice using adapter:
[2023.07.04-10.26.19:768][  0]LogD3D11RHI:     Description : NVIDIA GeForce GTX 1650 SUPER
[2023.07.04-10.26.19:768][  0]LogD3D11RHI:     VendorId    : 10de
[2023.07.04-10.26.19:768][  0]LogD3D11RHI:     DeviceId    : 2187
[2023.07.04-10.26.19:768][  0]LogD3D11RHI:     SubSysId    : 8d951462
[2023.07.04-10.26.19:768][  0]LogD3D11RHI:     Revision    : 00a1
[2023.07.04-10.26.19:769][  0]LogD3D11RHI:     DedicatedVideoMemory : 4134535168 bytes
[2023.07.04-10.26.19:769][  0]LogD3D11RHI:     DedicatedSystemMemory : 0 bytes
[2023.07.04-10.26.19:769][  0]LogD3D11RHI:     SharedSystemMemory : 12808122368 bytes
[2023.07.04-10.26.19:769][  0]LogD3D11RHI:     AdapterLuid : 0 56958
[2023.07.04-10.26.19:828][  0]LogD3D11RHI: RHI has support for 64 bit atomics
[2023.07.04-10.26.19:828][  0]LogD3D11RHI: Async texture creation enabled
[2023.07.04-10.26.19:828][  0]LogD3D11RHI: Array index from any shader is supported
[2023.07.04-10.26.19:851][  0]LogD3D11RHI: GPU Timing Frequency: 1000.000000 (Debug: 2 2)
[2023.07.04-10.26.19:870][  0]LogRHI: GeForceNow SDK initialized: 1
[2023.07.04-10.26.20:136][  0]LogTargetPlatformManager: Display: Loaded TargetPlatform 'AllDesktop'
[2023.07.04-10.26.20:154][  0]LogTargetPlatformManager: Display: Loaded TargetPlatform 'Android'
[2023.07.04-10.26.20:154][  0]LogTargetPlatformManager: Display: Loaded TargetPlatform 'Android_ASTC'
[2023.07.04-10.26.20:154][  0]LogTargetPlatformManager: Display: Loaded TargetPlatform 'Android_DXT'
[2023.07.04-10.26.20:154][  0]LogTargetPlatformManager: Display: Loaded TargetPlatform 'Android_ETC2'
[2023.07.04-10.26.20:154][  0]LogTargetPlatformManager: Display: Loaded TargetPlatform 'AndroidClient'
[2023.07.04-10.26.20:154][  0]LogTargetPlatformManager: Display: Loaded TargetPlatform 'Android_ASTCClient'
[2023.07.04-10.26.20:154][  0]LogTargetPlatformManager: Display: Loaded TargetPlatform 'Android_DXTClient'
[2023.07.04-10.26.20:154][  0]LogTargetPlatformManager: Display: Loaded TargetPlatform 'Android_ETC2Client'
[2023.07.04-10.26.20:154][  0]LogTargetPlatformManager: Display: Loaded TargetPlatform 'Android_Multi'
[2023.07.04-10.26.20:154][  0]LogTargetPlatformManager: Display: Loaded TargetPlatform 'Android_MultiClient'
[2023.07.04-10.26.20:168][  0]LogTargetPlatformManager: Display: Loaded TargetPlatform 'IOSClient'
[2023.07.04-10.26.20:169][  0]LogTargetPlatformManager: Display: Loaded TargetPlatform 'IOS'
[2023.07.04-10.26.20:177][  0]LogTargetPlatformManager: Display: Loaded TargetPlatform 'Linux'
[2023.07.04-10.26.20:182][  0]LogTargetPlatformManager: Display: Loaded TargetPlatform 'LinuxNoEditor'
[2023.07.04-10.26.20:185][  0]LogTargetPlatformManager: Display: Loaded TargetPlatform 'LinuxClient'
[2023.07.04-10.26.20:188][  0]LogTargetPlatformManager: Display: Loaded TargetPlatform 'LinuxServer'
[2023.07.04-10.26.20:197][  0]LogTargetPlatformManager: Display: Loaded TargetPlatform 'LinuxAArch64NoEditor'
[2023.07.04-10.26.20:201][  0]LogTargetPlatformManager: Display: Loaded TargetPlatform 'LinuxAArch64Client'
[2023.07.04-10.26.20:205][  0]LogTargetPlatformManager: Display: Loaded TargetPlatform 'LinuxAArch64Server'
[2023.07.04-10.26.20:225][  0]LogTargetPlatformManager: Display: Loaded TargetPlatform 'Lumin'
[2023.07.04-10.26.20:225][  0]LogTargetPlatformManager: Display: Loaded TargetPlatform 'LuminClient'
[2023.07.04-10.26.20:233][  0]LogTargetPlatformManager: Display: Loaded TargetPlatform 'MacNoEditor'
[2023.07.04-10.26.20:237][  0]LogTargetPlatformManager: Display: Loaded TargetPlatform 'Mac'
[2023.07.04-10.26.20:240][  0]LogTargetPlatformManager: Display: Loaded TargetPlatform 'MacClient'
[2023.07.04-10.26.20:244][  0]LogTargetPlatformManager: Display: Loaded TargetPlatform 'MacServer'
[2023.07.04-10.26.20:251][  0]LogTargetPlatformManager: Display: Loaded TargetPlatform 'TVOSClient'
[2023.07.04-10.26.20:251][  0]LogTargetPlatformManager: Display: Loaded TargetPlatform 'TVOS'
[2023.07.04-10.26.20:260][  0]LogTargetPlatformManager: Display: Loaded TargetPlatform 'WindowsNoEditor'
[2023.07.04-10.26.20:265][  0]LogTargetPlatformManager: Display: Loaded TargetPlatform 'Windows'
[2023.07.04-10.26.20:269][  0]LogTargetPlatformManager: Display: Loaded TargetPlatform 'WindowsClient'
[2023.07.04-10.26.20:273][  0]LogTargetPlatformManager: Display: Loaded TargetPlatform 'WindowsServer'
[2023.07.04-10.26.20:273][  0]LogTargetPlatformManager: Display: Building Assets For Windows
[2023.07.04-10.26.20:281][  0]LogAudioDebug: Display: Lib vorbis DLL was dynamically loaded.
[2023.07.04-10.26.20:313][  0]LogTextureFormatOodle: Display: Oodle Texture 2.9.0 init RDO Off
[2023.07.04-10.26.20:346][  0]LogRendererCore: Ray tracing is disabled. Reason: r.RayTracing=0.
[2023.07.04-10.26.20:346][  0]LogShaderCompilers: Guid format shader working directory is -11 characters bigger than the processId version (C:/Users/Gagik/Documents/Unreal Projects/FL/projectmantle/Intermediate/Shaders/WorkingDirectory/9828/).
[2023.07.04-10.26.20:346][  0]LogShaderCompilers: Cleaned the shader compiler working directory 'C:/Users/Gagik/AppData/Local/Temp/UnrealShaderWorkingDir/D49AC74A4F73E0BA5F8AD28B58195E3D/'.
[2023.07.04-10.26.20:346][  0]LogXGEController: Cannot use XGE Controller as Incredibuild is not installed on this machine.
[2023.07.04-10.26.20:346][  0]LogShaderCompilers: Cannot use XGE Shader Compiler as Incredibuild is not installed on this machine.
[2023.07.04-10.26.20:346][  0]LogShaderCompilers: Display: Using Local Shader Compiler.
[2023.07.04-10.26.20:986][  0]LogDerivedDataCache: Display: Max Cache Size: 512 MB
[2023.07.04-10.26.21:035][  0]LogDerivedDataCache: Loaded boot cache 0.05s 94MB C:/Users/Gagik/AppData/Local/UnrealEngine/4.27/DerivedDataCache/Boot.ddc.
[2023.07.04-10.26.21:035][  0]LogDerivedDataCache: Display: Loaded Boot cache: C:/Users/Gagik/AppData/Local/UnrealEngine/4.27/DerivedDataCache/Boot.ddc
[2023.07.04-10.26.21:035][  0]LogDerivedDataCache: FDerivedDataBackendGraph:  Pak pak cache file C:/Users/Gagik/Documents/Unreal Projects/FL/projectmantle/DerivedDataCache/DDC.ddp not found, will not use a pak cache.
[2023.07.04-10.26.21:035][  0]LogDerivedDataCache: Unable to find inner node Pak for hierarchical cache Hierarchy.
[2023.07.04-10.26.21:035][  0]LogDerivedDataCache: FDerivedDataBackendGraph:  CompressedPak pak cache file C:/Users/Gagik/Documents/Unreal Projects/FL/projectmantle/DerivedDataCache/Compressed.ddp not found, will not use a pak cache.
[2023.07.04-10.26.21:035][  0]LogDerivedDataCache: Unable to find inner node CompressedPak for hierarchical cache Hierarchy.
[2023.07.04-10.26.21:049][  0]LogDerivedDataCache: Display: Pak cache opened for reading ../../../Engine/DerivedDataCache/Compressed.ddp.
[2023.07.04-10.26.21:049][  0]LogDerivedDataCache: FDerivedDataBackendGraph:  EnterprisePak pak cache file ../../../Enterprise/DerivedDataCache/Compressed.ddp not found, will not use a pak cache.
[2023.07.04-10.26.21:049][  0]LogDerivedDataCache: Unable to find inner node EnterprisePak for hierarchical cache Hierarchy.
[2023.07.04-10.26.21:055][  0]LogDerivedDataCache: Speed tests for C:/Users/Gagik/AppData/Local/UnrealEngine/Common/DerivedDataCache took 0.01 seconds
[2023.07.04-10.26.21:055][  0]LogDerivedDataCache: Display: Performance to C:/Users/Gagik/AppData/Local/UnrealEngine/Common/DerivedDataCache: Latency=0.02ms. RandomReadSpeed=1427.00MBs, RandomWriteSpeed=209.38MBs. Assigned SpeedClass 'Local'
[2023.07.04-10.26.21:057][  0]LogDerivedDataCache: Using Local data cache path C:/Users/Gagik/AppData/Local/UnrealEngine/Common/DerivedDataCache: Writable
[2023.07.04-10.26.21:057][  0]LogDerivedDataCache: Shared data cache path not found in *engine.ini, will not use an Shared cache.
[2023.07.04-10.26.21:057][  0]LogDerivedDataCache: Unable to find inner node Shared for hierarchical cache Hierarchy.
[2023.07.04-10.26.21:095][  0]LogSlate: Using FreeType 2.10.0
[2023.07.04-10.26.21:096][  0]LogSlate: SlateFontServices - WITH_FREETYPE: 1, WITH_HARFBUZZ: 1
[2023.07.04-10.26.21:115][  0]LogAssetRegistry: FAssetRegistry took 0.0019 seconds to start up
[2023.07.04-10.26.21:302][  0]LogInit: Selected Device Profile: [Windows]
[2023.07.04-10.26.21:302][  0]LogInit: Active device profile: [00000227F6DB0900][00000227EABAE840 49] Windows
[2023.07.04-10.26.21:302][  0]LogInit: Profiles: [00000227F6DB0900][00000227EABAE840 49] Windows, [00000227F6D6F200][00000227F527E980 49] WindowsNoEditor, [00000227F6DB3500][00000227F5282AC0 49] WindowsServer, [00000227F6D6FC00][00000227EB2CEC40 49] WindowsClient, [00000227F6DB3800][00000227EB2D2DC0 49] IOS, [00000227F6D6E200][00000227EB2D6F40 49] iPadAir, [00000227F6DB2000][00000227F769D0C0 49] iPadAir2, [00000227F6CE4A00][00000227EB6C1380 49] IPadPro, [00000227F6CE4B00][00000227EB6BD3C0 49] iPadAir3, [00000227F6D6D300][00000227EB6C9540 49] iPadAir4, [00000227F6CE7400][00000227F76156C0 49] iPadMini2, [00000227F6D6E400][00000227F7619840 49] iPadMini3, [00000227F6CE5700][00000227F761D9C0 49] iPadMini4, [00000227F6DB1100][00000227F7621B40 49] iPadMini5, [00000227F6D58300][00000227F7632280 49] iPhone6, [00000227F6D58400][00000227F76242C0 49] iPodTouch6, [00000227F6CCFF00][00000227F73E2580 49] iPhone7, [00000227F6CCFE00][00000227F73DE5C0 49] iPodTouch7, [00000227F6D6DF00][00000227F73F2740 49] iPhone5S, [00000227F6CCDA00][00000227F73F68C0 49] iPhone6Plus, [00000227F6D58200][00000227F5286A00 49] iPhone6S, [00000227F6CCC600][00000227F740EB40 49] iPhone6SPlus, [00000227F6D5A900][00000227F7412C80 49] iPhone7Plus, [00000227F6CCF100][00000227F7416DC0 49] iPhoneSE, [00000227F6D5A200][00000227F741EF40 49] iPhone8, [00000227F6CCFB00][00000227F74230C0 49] iPhone8Plus, [00000227F6D58800][00000227F7427240 49] iPhoneX, [00000227F6CCD600][00000227F777F3C0 49] iPhoneXS, [00000227F6D5BC00][00000227F7783540 49] iPhoneXSMax, [00000227F6CCC700][00000227F77876C0 49] iPhoneXR, [00000227F6D59300][00000227F778B840 49] iPhone11, [00000227F6CCE700][00000227F7E579C0 49] iPhone11Pro, [00000227F6D59000][00000227EB66DB40 49] iPhone11ProMax, [00000227F6CCEA00][00000227EB670140 49] iPhoneSE2, [00000227F6D59400][00000227EB6742C0 49] iPhone12Mini, [00000227F6CCE400][00000227EB678440 49] iPhone12, [00000227F6D58D00][00000227EB67C5C0 49] iPhone12Pro, [00000227F6CCEB00][00000227EB6A2740 49] iPhone12ProMax, [00000227F6D5B000][00000227F77FE8C0 49] iPadPro105, [00000227F6CCC200][00000227F7802A40 49] iPadPro129, [00000227F6D5AB00][00000227F741AB80 49] iPadPro97, [00000227F6CCE600][00000227F7842CC0 49] iPadPro2_129, [00000227F6D5BB00][00000227F7846E00 49] iPad5, [00000227F6CCE200][00000227F7E9AF40 49] iPad6, [00000227F6D58F00][00000227F7EA30C0 49] iPad7, [00000227F6CCDD00][00000227F7EA7240 49] iPad8, [00000227F6D58900][00000227F7EAF3C0 49] iPadPro11, [00000227F6CCCF00][00000227F7EB3540 49] iPadPro2_11, [00000227F6D5B200][00000227F7EB76C0 49] iPadPro3_129, [00000227F6CCFC00][00000227F85E1840 49] iPadPro4_129, [00000227F6D58C00][00000227F51E99C0 49] AppleTV, [00000227F6CCE100][00000227F51EDB40 49] AppleTV4K, [00000227F6D5B100][00000227F51F0140 49] TVOS, [00000227F6CCF400][00000227F7EAA2C0 49] Mac, [00000227F6D5B800][00000227F51F4440 49] MacClient, [00000227F6CCDE00][00000227F51F85C0 49] MacNoEditor, [00000227F6D5BF00][00000227F51FC740 49] MacServer, [00000227F6CCEE00][00000227F7EBA8C0 49] Linux, [00000227F6D58B00][00000227F76B0A40 49] LinuxAArch64, [00000227F6CCDF00][00000227F774EBC0 49] LinuxNoEditor, [00000227F6D59B00][00000227F7752D40 49] LinuxAArch64NoEditor, [00000227F6CCF900][00000227F7E9EE80 49] LinuxClient, [00000227F6D5B500][00000227F7756FC0 49] LinuxAArch64Client, [00000227F6CCE300][00000227F7699100 49] LinuxServer, [00000227F6D58500][00000227F7691280 49] LinuxAArch64Server, [00000227F6CCCD00][00000227F7AAB400 49] Android, [00000227F6D59900][00000227DE141580 49] Android_Low, [00000227F6CCF600][00000227F775B700 49] Android_Mid, [00000227F6D5AD00][00000227F775F880 49] Android_High, [00000227F6CCF800][00000227F7763A00 49] Android_Default, [00000227F6D5A100][00000227F7767B80 49] Android_Adreno4xx, [00000227F6CCC900][00000227F776A180 49] Android_Adreno5xx_Low, [00000227F6CE7600][00000227F776E300 49] Android_Adreno5xx, [00000227F6D6C900][00000227F7772480 49] Android_Adreno6xx, [00000227F6CE5800][00000227F7776600 49] Android_Adreno6xx_Vulkan, [00000227F6D6FB00][00000227F777A780 49] Android_Mali_T6xx, [00000227F6CE5200][00000227F7370900 49] Android_Mali_T7xx, [00000227F6D6F300][00000227F7374A80 49] Android_Mali_T8xx, [00000227F6CE5E00][00000227F7378C00 49] Android_Mali_G71, [00000227F6D6C500][00000227F737CD80 49] Android_Mali_G72, [00000227F6CE4600][00000227F7380F00 49] Android_Mali_G72_Vulkan, [00000227F6D6CC00][00000227F7695040 49] Android_Mali_G76, [00000227F6CE4100][00000227F7385180 49] Android_Mali_G76_Vulkan, [00000227F6D6D900][00000227F73892C0 49] Android_Mali_G77, [00000227F6CE4C00][00000227F7391440 49] Android_Mali_G77_Vulkan, [00000227F6D6CA00][00000227F73955C0 49] Android_Mali_G78, [00000227F6CE6C00][00000227F7399740 49] Android_Mali_G78_Vulkan, [00000227F6D6F000][00000227F739D8C0 49] Android_Mali_G710, [00000227F6CE6400][00000227F73A1A40 49] Android_Mali_G710_Vulkan, [00000227F6D6E100][00000227F73A5BC0 49] Android_Vulkan_SM5, [00000227F6CE7B00][00000227F73A81C0 49] Android_PowerVR_G6xxx, [00000227F6D6EE00][00000227F520C340 49] Android_PowerVR_GT7xxx, [00000227F6CE6300][00000227F52104C0 49] Android_PowerVR_GE8xxx, [00000227F6D6E800][00000227F5214640 49] Android_PowerVR_GM9xxx, [00000227F6CE7F00][00000227F52187C0 49] Android_PowerVR_GM9xxx_Vulkan, [00000227F6D6D000][00000227F521C940 49] Android_TegraK1, [00000227F6CE4400][00000227F5220AC0 49] Android_Unknown_Vulkan, [00000227F6D6E700][00000227F5224C40 49] Lumin, [00000227F6CE4500][00000227F5228DC0 49] Lumin_Desktop, [00000227F6D6FD00][00000227F522CF40 49] HoloLens, 
[2023.07.04-10.26.21:411][  0]LogMeshReduction: Using QuadricMeshReduction for automatic static mesh reduction
[2023.07.04-10.26.21:411][  0]LogMeshReduction: Using SimplygonMeshReduction for automatic skeletal mesh reduction
[2023.07.04-10.26.21:411][  0]LogMeshReduction: Using ProxyLODMeshReduction for automatic mesh merging
[2023.07.04-10.26.21:411][  0]LogMeshReduction: No distributed automatic mesh merging module available
[2023.07.04-10.26.21:411][  0]LogMeshMerging: No distributed automatic mesh merging module available
[2023.07.04-10.26.21:423][  0]LogNetVersion: projectmantle 1.0.0, NetCL: 17155196, EngineNetVer: 17, GameNetVer: 0 (Checksum: 1539822806)
[2023.07.04-10.26.21:727][  0]LogTexture: Default maximum texture size for cubemaps generated from long-lat sources has been changed from 512 to unlimited. In order to preserve old behaiour for '/Engine/MapTemplates/Sky/DaylightAmbientCubemap.DaylightAmbientCubemap', its maximum texture size has been explicitly set to 512.
[2023.07.04-10.26.21:769][  0]LogHMD: PokeAHoleMaterial loaded successfully
[2023.07.04-10.26.21:774][  0]LogUObjectArray: 17178 objects as part of root set at end of initial load.
[2023.07.04-10.26.21:774][  0]LogUObjectAllocator: 4302048 out of 0 bytes used by permanent object pool.
[2023.07.04-10.26.21:774][  0]LogUObjectArray: CloseDisregardForGC: 0/0 objects in disregard for GC pool
[2023.07.04-10.26.22:011][  0]LogPython: Using Python 3.7.7
[2023.07.04-10.26.22:414][  0]LogNiagaraDebuggerClient: Niagara Debugger Client Initialized | Session: CD4F42E94292C642C75C208268D6C08E | Instance: EB6D4BB64DA4CB409D28C8803FA30AB9 (GAGPC-9828).
[2023.07.04-10.26.22:544][  0]LogTcpMessaging: Initializing TcpMessaging bridge
[2023.07.04-10.26.22:548][  0]LogUdpMessaging: Initializing bridge on interface 0.0.0.0:0 to multicast group 230.0.0.1:6666.
[2023.07.04-10.26.22:685][  0]SourceControl: Source control is disabled
[2023.07.04-10.26.23:086][  0]LogUProjectInfo: Found projects:
[2023.07.04-10.26.23:092][  0]LogVSAccessor: Display: Unable to create Visual Studio setup instance: 80040154
[2023.07.04-10.26.23:094][  0]LogVSAccessor: Display: Unable to create Visual Studio setup instance: 80040154
[2023.07.04-10.26.23:094][  0]LogVSAccessor: Display: Unable to create Visual Studio setup instance: 80040154
[2023.07.04-10.26.23:278][  0]LogOpenImageDenoise: OIDN starting up
[2023.07.04-10.26.23:324][  0]LogAndroidPermission: UAndroidPermissionCallbackProxy::GetInstance
[2023.07.04-10.26.23:346][  0]LogAudioCaptureCore: Display: No Audio Capture implementations found. Audio input will be silent.
[2023.07.04-10.26.23:346][  0]LogAudioCaptureCore: Display: No Audio Capture implementations found. Audio input will be silent.
[2023.07.04-10.26.23:455][  0]LogCollectionManager: Loaded 0 collections in 0.000708 seconds
[2023.07.04-10.26.23:480][  0]LogFileCache: Scanning file cache for directory 'C:/Users/Gagik/Documents/Unreal Projects/FL/projectmantle/Saved/Collections/' took 0.00s
[2023.07.04-10.26.23:480][  0]LogFileCache: Scanning file cache for directory 'C:/Users/Gagik/Documents/Unreal Projects/FL/projectmantle/Content/Developers/Gagik/Collections/' took 0.00s
[2023.07.04-10.26.23:480][  0]LogFileCache: Scanning file cache for directory 'C:/Users/Gagik/Documents/Unreal Projects/FL/projectmantle/Content/Collections/' took 0.00s
[2023.07.04-10.26.23:480][  0]LogOcInput: OculusInput pre-init called
[2023.07.04-10.26.23:892][  0]LogClass: Display: Int8Property FMTSJson::version is not initialized properly. Module:MegascansPlugin File:Private/Utilities/MTSReader.h
[2023.07.04-10.26.23:892][  0]LogClass: Display: Int16Property FMTSJson::resolutionValue is not initialized properly. Module:MegascansPlugin File:Private/Utilities/MTSReader.h
[2023.07.04-10.26.23:892][  0]LogClass: Display: BoolProperty FMTSJson::isExternal is not initialized properly. Module:MegascansPlugin File:Private/Utilities/MTSReader.h
[2023.07.04-10.26.23:892][  0]LogClass: Display: Int8Property FMTSJson::meshVersion is not initialized properly. Module:MegascansPlugin File:Private/Utilities/MTSReader.h
[2023.07.04-10.26.23:892][  0]LogClass: Display: BoolProperty FMTSJson::isCustom is not initialized properly. Module:MegascansPlugin File:Private/Utilities/MTSReader.h
[2023.07.04-10.26.23:892][  0]LogClass: Display: BoolProperty FMTSJson::isModularAsset is not initialized properly. Module:MegascansPlugin File:Private/Utilities/MTSReader.h
[2023.07.04-10.26.23:892][  0]LogClass: Display: Int8Property FLodList::variation is not initialized properly. Module:MegascansPlugin File:Private/Utilities/MTSReader.h
[2023.07.04-10.26.23:892][  0]LogClass: Display: Int16Property FMeshList::resolution is not initialized properly. Module:MegascansPlugin File:Private/Utilities/MTSReader.h
[2023.07.04-10.26.23:892][  0]LogClass: Display: Int16Property FComponents::resolution is not initialized properly. Module:MegascansPlugin File:Private/Utilities/MTSReader.h
[2023.07.04-10.26.23:892][  0]LogClass: Display: BoolProperty FTextureSets::isUdim is not initialized properly. Module:MegascansPlugin File:Private/Utilities/MTSReader.h
[2023.07.04-10.26.23:892][  0]LogClass: Display: BoolProperty FMeta::value is not initialized properly. Module:MegascansPlugin File:Private/Utilities/MTSReader.h
[2023.07.04-10.26.23:892][  0]LogClass: Display: 11 Uninitialized script struct members found including 0 object properties
[2023.07.04-10.26.23:893][  0]LogEngine: Initializing Engine...
[2023.07.04-10.26.23:895][  0]LogHMD: Failed to enumerate extensions. Please check that you have a valid OpenXR runtime installed.
[2023.07.04-10.26.23:895][  0]LogHMD: Failed to initialize OpenVR with code 110
[2023.07.04-10.26.23:895][  0]LogMagicLeap: Warning: VR disabled because ZI is not enabled.  To enable, in the editor, Edit -> Project Settings -> Plugins -> Magic Leap Plugin -> Enable Zero Iteration
[2023.07.04-10.26.23:895][  0]LogStats: UGameplayTagsManager::InitializeManager -  0.000 s
[2023.07.04-10.26.24:000][  0]LogInit: Initializing FReadOnlyCVARCache
[2023.07.04-10.26.24:006][  0]LogAIModule: Creating AISystem for world Untitled
[2023.07.04-10.26.24:006][  0]LogAudio: Display: Initializing Audio Device Manager...
[2023.07.04-10.26.24:009][  0]LogAudio: Display: Loading Default Audio Settings Objects...
[2023.07.04-10.26.24:009][  0]LogAudio: Display: No default SoundConcurrencyObject specified (or failed to load).
[2023.07.04-10.26.24:009][  0]LogAudio: Display: Audio Device Manager Initialized
[2023.07.04-10.26.24:009][  0]LogAudio: Display: Creating Audio Device:                 Id: 1, Scope: Shared, Realtime: True
[2023.07.04-10.26.24:009][  0]LogAudioMixer: Display: Audio Mixer Platform Settings:
[2023.07.04-10.26.24:009][  0]LogAudioMixer: Display: 	Sample Rate:						  48000
[2023.07.04-10.26.24:009][  0]LogAudioMixer: Display: 	Callback Buffer Frame Size Requested: 1024
[2023.07.04-10.26.24:009][  0]LogAudioMixer: Display: 	Callback Buffer Frame Size To Use:	  1024
[2023.07.04-10.26.24:009][  0]LogAudioMixer: Display: 	Number of buffers to queue:			  2
[2023.07.04-10.26.24:009][  0]LogAudioMixer: Display: 	Max Channels (voices):				  32
[2023.07.04-10.26.24:009][  0]LogAudioMixer: Display: 	Number of Async Source Workers:		  0
[2023.07.04-10.26.24:009][  0]LogAudio: Display: AudioDevice MaxSources: 32
[2023.07.04-10.26.24:011][  0]LogAudio: Display: Audio Spatialization Plugin: None (built-in).
[2023.07.04-10.26.24:011][  0]LogAudio: Display: Audio Reverb Plugin: None (built-in).
[2023.07.04-10.26.24:011][  0]LogAudio: Display: Audio Occlusion Plugin: None (built-in).
[2023.07.04-10.26.24:011][  0]LogAudioMixer: Display: Initializing audio mixer.
[2023.07.04-10.26.24:019][  0]LogAudioMixer: Display: 0: FrontLeft
[2023.07.04-10.26.24:019][  0]LogAudioMixer: Display: 1: FrontRight
[2023.07.04-10.26.24:030][  0]LogAudioMixer: Display: Using Audio Device Динамики (USB Audio Device)
[2023.07.04-10.26.24:034][  0]LogAudioMixer: Display: Initializing Sound Submixes...
[2023.07.04-10.26.24:036][  0]LogAudioMixer: Display: Creating Master Submix 'MasterSubmixDefault'
[2023.07.04-10.26.24:036][  0]LogAudioMixer: Display: Creating Master Submix 'MasterReverbSubmixDefault'
[2023.07.04-10.26.24:037][  0]LogAudioMixer: Display: Creating Master Submix 'MasterEQSubmixDefault'
[2023.07.04-10.26.24:037][  0]LogAudioMixer: FMixerPlatformXAudio2::StartAudioStream() called
[2023.07.04-10.26.24:037][  0]LogAudioMixer: Display: Output buffers initialized: Frames=1024, Channels=2, Samples=2048
[2023.07.04-10.26.24:038][  0]LogAudioMixer: Display: Starting AudioMixerPlatformInterface::RunInternal()
[2023.07.04-10.26.24:038][  0]LogAudioMixer: Display: FMixerPlatformXAudio2::SubmitBuffer() called for the first time
[2023.07.04-10.26.24:038][  0]LogInit: FAudioDevice initialized.
[2023.07.04-10.26.24:038][  0]LogAudio: Display: Audio Device (ID: 1) registered with world 'Untitled'.
[2023.07.04-10.26.24:038][  0]LogNetVersion: Set ProjectVersion to 1.0.0.0. Version Checksum will be recalculated on next use.
[2023.07.04-10.26.24:142][  0]LogDerivedDataCache: Saved boot cache 0.10s 94MB C:/Users/Gagik/AppData/Local/UnrealEngine/4.27/DerivedDataCache/Boot.ddc.
[2023.07.04-10.26.24:142][  0]LogInit: Texture streaming: Enabled
[2023.07.04-10.26.24:154][  0]LogAnalytics: Display: [UEEditor.Rocket.Release] APIServer = https://datarouter.ol.epicgames.com/. AppVersion = 4.27.2-18319896+++UE4+Release-4.27
[2023.07.04-10.26.24:157][  0]LogEngineSessionManager: EngineSessionManager initialized
[2023.07.04-10.26.24:158][  0]LogEngineSessionManager: EngineSessionManager sent abnormal shutdown report. Type=Crashed, SessionId={F9C1B1BC-411B-99CF-D7BE-85A776AA203E}
[2023.07.04-10.26.24:158][  0]LogEditorSessionSummary: Verbose: Initializing EditorSessionSummaryWriter for editor session tracking
[2023.07.04-10.26.24:159][  0]LogEditorSessionSummary: EditorSessionSummaryWriter initialized
[2023.07.04-10.26.24:182][  0]LogInit: Transaction tracking system initialized
[2023.07.04-10.26.24:204][  0]BlueprintLog: New page: Editor Load
[2023.07.04-10.26.24:258][  0]LocalizationService: Localization service is disabled
[2023.07.04-10.26.24:282][  0]TimingProfiler: Initialize
[2023.07.04-10.26.24:282][  0]TimingProfiler: OnSessionChanged
[2023.07.04-10.26.24:282][  0]LoadingProfiler: Initialize
[2023.07.04-10.26.24:282][  0]LoadingProfiler: OnSessionChanged
[2023.07.04-10.26.24:282][  0]NetworkingProfiler: Initialize
[2023.07.04-10.26.24:282][  0]NetworkingProfiler: OnSessionChanged
[2023.07.04-10.26.24:282][  0]MemoryProfiler: Initialize
[2023.07.04-10.26.24:282][  0]MemoryProfiler: OnSessionChanged
[2023.07.04-10.26.24:329][  0]LogVSAccessor: Display: Unable to create Visual Studio setup instance: 80040154
[2023.07.04-10.26.24:330][  0]LogVSAccessor: Display: Unable to create Visual Studio setup instance: 80040154
[2023.07.04-10.26.24:330][  0]LogVSAccessor: Display: Unable to create Visual Studio setup instance: 80040154
[2023.07.04-10.26.24:395][  0]LogCook: Display: CookSettings for Memory: MemoryMaxUsedVirtual 0MiB, MemoryMaxUsedPhysical 16384MiB, MemoryMinFreeVirtual 0MiB, MemoryMinFreePhysical 1024MiB
[2023.07.04-10.26.24:395][  0]LogCook: Display: Mobile HDR setting 1
[2023.07.04-10.26.24:575][  0]LogFileCache: Scanning file cache for directory 'C:/Users/Gagik/Documents/Unreal Projects/FL/projectmantle/Content/' took 0.00s
[2023.07.04-10.26.24:717][  0]LogInit: Display: Engine is initialized. Leaving FEngineLoop::Init()
[2023.07.04-10.26.24:719][  0]LogUnrealEdMisc: Loading editor; pre map load, took 6.130
[2023.07.04-10.26.24:719][  0]Cmd: MAP LOAD FILE="C:/Users/Gagik/Documents/Unreal Projects/FL/projectmantle/Content/SideScrollerBP/Maps/ThirdPersonExampleMap.umap" TEMPLATE=0 SHOWPROGRESS=1 FEATURELEVEL=3
[2023.07.04-10.26.24:720][  0]LightingResults: New page: Lighting Build
[2023.07.04-10.26.24:720][  0]LogWorld: UWorld::CleanupWorld for Untitled, bSessionEnded=true, bCleanupResources=true
[2023.07.04-10.26.24:721][  0]LogSlate: InvalidateAllWidgets triggered.  All widgets were invalidated
[2023.07.04-10.26.24:721][  0]MapCheck: New page: Map Check
[2023.07.04-10.26.24:721][  0]LightingResults: New page: Lighting Build
[2023.07.04-10.26.24:724][  0]LogAudio: Display: Audio Device unregistered from world 'None'.
[2023.07.04-10.26.24:727][  0]LogUObjectHash: Compacting FUObjectHashTables data took   0.59ms
[2023.07.04-10.26.24:832][  0]LogLinker: Warning: [AssetLog] C:\Users\Gagik\Documents\Unreal Projects\FL\projectmantle\Content\SideScrollerBP\Maps\ThirdPersonExampleMap.umap: Failed to load '/Game/BP/AI/AI': Can't find file.
[2023.07.04-10.26.24:832][  0]LogLinker: Warning: [AssetLog] C:\Users\Gagik\Documents\Unreal Projects\FL\projectmantle\Content\SideScrollerBP\Maps\ThirdPersonExampleMap.umap: Failed to load '/Game/BP/AI/AI': Can't find file.
[2023.07.04-10.26.24:853][  0]LogLinker: Warning: [AssetLog] C:\Users\Gagik\Documents\Unreal Projects\FL\projectmantle\Content\SideScrollerBP\Maps\ThirdPersonExampleMap.umap: Failed to load '/Game/BP/AI/AI': Can't find file.
[2023.07.04-10.26.24:856][  0]LogLinker: Warning: [AssetLog] C:\Users\Gagik\Documents\Unreal Projects\FL\projectmantle\Content\SideScrollerBP\Maps\ThirdPersonExampleMap.umap: Failed to load '/Game/BP/AI/AI': Can't find file.
[2023.07.04-10.26.24:856][  0]LogLinker: Warning: [AssetLog] C:\Users\Gagik\Documents\Unreal Projects\FL\projectmantle\Content\SideScrollerBP\Maps\ThirdPersonExampleMap.umap: Failed to load '/Game/BP/AI/AI': Can't find file.
[2023.07.04-10.26.24:856][  0]LogLinker: Warning: [AssetLog] C:\Users\Gagik\Documents\Unreal Projects\FL\projectmantle\Content\SideScrollerBP\Maps\ThirdPersonExampleMap.umap: Failed to load '/Game/BP/AI/AI': Can't find file.
[2023.07.04-10.26.24:856][  0]LogLinker: Warning: [AssetLog] C:\Users\Gagik\Documents\Unreal Projects\FL\projectmantle\Content\SideScrollerBP\Maps\ThirdPersonExampleMap.umap: Failed to load '/Game/BP/AI/AI': Can't find file.
[2023.07.04-10.26.24:856][  0]LogLinker: Warning: Failed to load '/Game/BP/AI/AI': Can't find file.
[2023.07.04-10.26.24:856][  0]LogLinker: Warning: Failed to load '/Game/BP/AI/AI': Can't find file.
[2023.07.04-10.26.24:857][  0]LogLinker: Warning: Failed to load '/Game/BP/AI/AI': Can't find file.
[2023.07.04-10.26.24:857][  0]LogLinker: Warning: Failed to load '/Game/BP/AI/AI': Can't find file.
[2023.07.04-10.26.24:857][  0]LogLinker: Warning: Failed to load '/Game/BP/AI/AI': Can't find file.
[2023.07.04-10.26.24:857][  0]LogLinker: Warning: Failed to load '/Game/BP/AI/AI': Can't find file.
[2023.07.04-10.26.24:857][  0]LogLinker: Warning: Failed to load '/Game/BP/AI/AI': Can't find file.
[2023.07.04-10.26.24:857][  0]LogLinker: Warning: Failed to load '/Game/BP/AI/AI': Can't find file.
[2023.07.04-10.26.24:997][  0]LogAudio: Display: Audio Device (ID: 1) registered with world 'ThirdPersonExampleMap'.
[2023.07.04-10.26.24:998][  0]LogAIModule: Creating AISystem for world ThirdPersonExampleMap
[2023.07.04-10.26.25:008][  0]LogEditorServer: Finished looking for orphan Actors (0.000 secs)
[2023.07.04-10.26.25:016][  0]LogUObjectHash: Compacting FUObjectHashTables data took   0.83ms
[2023.07.04-10.26.25:016][  0]Cmd: MAP CHECKDEP NOCLEARLOG
[2023.07.04-10.26.25:017][  0]MapCheck: Map check complete: 0 Error(s), 0 Warning(s), took 0,133ms to complete.
[2023.07.04-10.26.25:017][  0]LogFileHelpers: Loading map 'ThirdPersonExampleMap' took 0.297
[2023.07.04-10.26.25:018][  0]LogUnrealEdMisc: Total Editor Startup Time, took 6.429
[2023.07.04-10.26.25:142][  0]LogSlate: Updating window title bar state: overlay mode, drag disabled, window buttons hidden, title bar hidden
[2023.07.04-10.26.25:146][  0]LogSlate: Updating window title bar state: overlay mode, drag disabled, window buttons hidden, title bar hidden
[2023.07.04-10.26.25:151][  0]LogSlate: Updating window title bar state: overlay mode, drag disabled, window buttons hidden, title bar hidden
[2023.07.04-10.26.25:156][  0]LogSlate: Updating window title bar state: overlay mode, drag disabled, window buttons hidden, title bar hidden
[2023.07.04-10.26.25:167][  0]LogNativeClassHierarchy: Verbose: Native class hierarchy populated in 0.0072 seconds. Added 3833 classes and 935 folders.
[2023.07.04-10.26.25:169][  0]LogNativeClassHierarchy: Verbose: Native class hierarchy updated for 'WidgetCarousel' in 0.0003 seconds. Added 0 classes and 0 folders.
[2023.07.04-10.26.25:171][  0]LogPakFile: PakFile PrimaryIndexSize=187
[2023.07.04-10.26.25:171][  0]LogPakFile: PakFile PathHashIndexSize=101
[2023.07.04-10.26.25:171][  0]LogPakFile: PakFile FullDirectoryIndexSize=148
[2023.07.04-10.26.25:171][  0]LogShaderLibrary: Display: ShaderCodeLibraryPakFileMountedCallback: PakFile 'E:/UE4/UE_4.27/FeaturePacks/FP_FirstPerson.upack' (chunk index -1, root 'root:/') mounted
[2023.07.04-10.26.25:171][  0]LogShaderLibrary: Display: ShaderCodeLibraryPakFileMountedCallback: pending pak file info (ChunkID:-1 Root:root:/ File:E:/UE4/UE_4.27/FeaturePacks/FP_FirstPerson.upack)
[2023.07.04-10.26.25:171][  0]LogPakFile: OnPakFileMounted2Time == 0.000043
[2023.07.04-10.26.25:172][  0]LogPakFile: PakFile PrimaryIndexSize=189
[2023.07.04-10.26.25:172][  0]LogPakFile: PakFile PathHashIndexSize=101
[2023.07.04-10.26.25:172][  0]LogPakFile: PakFile FullDirectoryIndexSize=152
[2023.07.04-10.26.25:172][  0]LogShaderLibrary: Display: ShaderCodeLibraryPakFileMountedCallback: PakFile 'E:/UE4/UE_4.27/FeaturePacks/FP_FirstPersonBP.upack' (chunk index -1, root 'root:/') mounted
[2023.07.04-10.26.25:172][  0]LogShaderLibrary: Display: ShaderCodeLibraryPakFileMountedCallback: pending pak file info (ChunkID:-1 Root:root:/ File:E:/UE4/UE_4.27/FeaturePacks/FP_FirstPersonBP.upack)
[2023.07.04-10.26.25:172][  0]LogPakFile: OnPakFileMounted2Time == 0.000028
[2023.07.04-10.26.25:172][  0]LogPakFile: PakFile PrimaryIndexSize=191
[2023.07.04-10.26.25:172][  0]LogPakFile: PakFile PathHashIndexSize=101
[2023.07.04-10.26.25:172][  0]LogPakFile: PakFile FullDirectoryIndexSize=160
[2023.07.04-10.26.25:172][  0]LogShaderLibrary: Display: ShaderCodeLibraryPakFileMountedCallback: PakFile 'E:/UE4/UE_4.27/FeaturePacks/MobileStarterContent.upack' (chunk index -1, root 'root:/') mounted
[2023.07.04-10.26.25:172][  0]LogShaderLibrary: Display: ShaderCodeLibraryPakFileMountedCallback: pending pak file info (ChunkID:-1 Root:root:/ File:E:/UE4/UE_4.27/FeaturePacks/MobileStarterContent.upack)
[2023.07.04-10.26.25:172][  0]LogPakFile: OnPakFileMounted2Time == 0.000029
[2023.07.04-10.26.25:172][  0]LogPakFile: PakFile PrimaryIndexSize=185
[2023.07.04-10.26.25:172][  0]LogPakFile: PakFile PathHashIndexSize=101
[2023.07.04-10.26.25:172][  0]LogPakFile: PakFile FullDirectoryIndexSize=148
[2023.07.04-10.26.25:172][  0]LogShaderLibrary: Display: ShaderCodeLibraryPakFileMountedCallback: PakFile 'E:/UE4/UE_4.27/FeaturePacks/StarterContent.upack' (chunk index -1, root 'root:/') mounted
[2023.07.04-10.26.25:172][  0]LogShaderLibrary: Display: ShaderCodeLibraryPakFileMountedCallback: pending pak file info (ChunkID:-1 Root:root:/ File:E:/UE4/UE_4.27/FeaturePacks/StarterContent.upack)
[2023.07.04-10.26.25:172][  0]LogPakFile: OnPakFileMounted2Time == 0.000027
[2023.07.04-10.26.25:173][  0]LogPakFile: PakFile PrimaryIndexSize=190
[2023.07.04-10.26.25:173][  0]LogPakFile: PakFile PathHashIndexSize=101
[2023.07.04-10.26.25:173][  0]LogPakFile: PakFile FullDirectoryIndexSize=154
[2023.07.04-10.26.25:173][  0]LogShaderLibrary: Display: ShaderCodeLibraryPakFileMountedCallback: PakFile 'E:/UE4/UE_4.27/FeaturePacks/TP_2DSideScroller.upack' (chunk index -1, root 'root:/') mounted
[2023.07.04-10.26.25:173][  0]LogShaderLibrary: Display: ShaderCodeLibraryPakFileMountedCallback: pending pak file info (ChunkID:-1 Root:root:/ File:E:/UE4/UE_4.27/FeaturePacks/TP_2DSideScroller.upack)
[2023.07.04-10.26.25:173][  0]LogPakFile: OnPakFileMounted2Time == 0.000024
[2023.07.04-10.26.25:174][  0]LogPakFile: PakFile PrimaryIndexSize=192
[2023.07.04-10.26.25:174][  0]LogPakFile: PakFile PathHashIndexSize=101
[2023.07.04-10.26.25:174][  0]LogPakFile: PakFile FullDirectoryIndexSize=158
[2023.07.04-10.26.25:174][  0]LogShaderLibrary: Display: ShaderCodeLibraryPakFileMountedCallback: PakFile 'E:/UE4/UE_4.27/FeaturePacks/TP_2DSideScrollerBP.upack' (chunk index -1, root 'root:/') mounted
[2023.07.04-10.26.25:174][  0]LogShaderLibrary: Display: ShaderCodeLibraryPakFileMountedCallback: pending pak file info (ChunkID:-1 Root:root:/ File:E:/UE4/UE_4.27/FeaturePacks/TP_2DSideScrollerBP.upack)
[2023.07.04-10.26.25:174][  0]LogPakFile: OnPakFileMounted2Time == 0.000023
[2023.07.04-10.26.25:174][  0]LogPakFile: PakFile PrimaryIndexSize=182
[2023.07.04-10.26.25:174][  0]LogPakFile: PakFile PathHashIndexSize=101
[2023.07.04-10.26.25:174][  0]LogPakFile: PakFile FullDirectoryIndexSize=138
[2023.07.04-10.26.25:174][  0]LogShaderLibrary: Display: ShaderCodeLibraryPakFileMountedCallback: PakFile 'E:/UE4/UE_4.27/FeaturePacks/TP_Flying.upack' (chunk index -1, root 'root:/') mounted
[2023.07.04-10.26.25:174][  0]LogShaderLibrary: Display: ShaderCodeLibraryPakFileMountedCallback: pending pak file info (ChunkID:-1 Root:root:/ File:E:/UE4/UE_4.27/FeaturePacks/TP_Flying.upack)
[2023.07.04-10.26.25:174][  0]LogPakFile: OnPakFileMounted2Time == 0.000023
[2023.07.04-10.26.25:174][  0]LogPakFile: PakFile PrimaryIndexSize=184
[2023.07.04-10.26.25:175][  0]LogPakFile: PakFile PathHashIndexSize=101
[2023.07.04-10.26.25:175][  0]LogPakFile: PakFile FullDirectoryIndexSize=142
[2023.07.04-10.26.25:175][  0]LogShaderLibrary: Display: ShaderCodeLibraryPakFileMountedCallback: PakFile 'E:/UE4/UE_4.27/FeaturePacks/TP_FlyingBP.upack' (chunk index -1, root 'root:/') mounted
[2023.07.04-10.26.25:175][  0]LogShaderLibrary: Display: ShaderCodeLibraryPakFileMountedCallback: pending pak file info (ChunkID:-1 Root:root:/ File:E:/UE4/UE_4.27/FeaturePacks/TP_FlyingBP.upack)
[2023.07.04-10.26.25:175][  0]LogPakFile: OnPakFileMounted2Time == 0.000023
[2023.07.04-10.26.25:175][  0]LogPakFile: PakFile PrimaryIndexSize=188
[2023.07.04-10.26.25:175][  0]LogPakFile: PakFile PathHashIndexSize=101
[2023.07.04-10.26.25:175][  0]LogPakFile: PakFile FullDirectoryIndexSize=150
[2023.07.04-10.26.25:175][  0]LogShaderLibrary: Display: ShaderCodeLibraryPakFileMountedCallback: PakFile 'E:/UE4/UE_4.27/FeaturePacks/TP_HandheldARBP.upack' (chunk index -1, root 'root:/') mounted
[2023.07.04-10.26.25:175][  0]LogShaderLibrary: Display: ShaderCodeLibraryPakFileMountedCallback: pending pak file info (ChunkID:-1 Root:root:/ File:E:/UE4/UE_4.27/FeaturePacks/TP_HandheldARBP.upack)
[2023.07.04-10.26.25:175][  0]LogPakFile: OnPakFileMounted2Time == 0.000028
[2023.07.04-10.26.25:176][  0]LogPakFile: PakFile PrimaryIndexSize=182
[2023.07.04-10.26.25:176][  0]LogPakFile: PakFile PathHashIndexSize=101
[2023.07.04-10.26.25:176][  0]LogPakFile: PakFile FullDirectoryIndexSize=138
[2023.07.04-10.26.25:176][  0]LogShaderLibrary: Display: ShaderCodeLibraryPakFileMountedCallback: PakFile 'E:/UE4/UE_4.27/FeaturePacks/TP_Puzzle.upack' (chunk index -1, root 'root:/') mounted
[2023.07.04-10.26.25:176][  0]LogShaderLibrary: Display: ShaderCodeLibraryPakFileMountedCallback: pending pak file info (ChunkID:-1 Root:root:/ File:E:/UE4/UE_4.27/FeaturePacks/TP_Puzzle.upack)
[2023.07.04-10.26.25:176][  0]LogPakFile: OnPakFileMounted2Time == 0.000023
[2023.07.04-10.26.25:176][  0]LogPakFile: PakFile PrimaryIndexSize=184
[2023.07.04-10.26.25:176][  0]LogPakFile: PakFile PathHashIndexSize=101
[2023.07.04-10.26.25:176][  0]LogPakFile: PakFile FullDirectoryIndexSize=142
[2023.07.04-10.26.25:176][  0]LogShaderLibrary: Display: ShaderCodeLibraryPakFileMountedCallback: PakFile 'E:/UE4/UE_4.27/FeaturePacks/TP_PuzzleBP.upack' (chunk index -1, root 'root:/') mounted
[2023.07.04-10.26.25:176][  0]LogShaderLibrary: Display: ShaderCodeLibraryPakFileMountedCallback: pending pak file info (ChunkID:-1 Root:root:/ File:E:/UE4/UE_4.27/FeaturePacks/TP_PuzzleBP.upack)
[2023.07.04-10.26.25:176][  0]LogPakFile: OnPakFileMounted2Time == 0.000023
[2023.07.04-10.26.25:176][  0]LogPakFile: PakFile PrimaryIndexSize=183
[2023.07.04-10.26.25:176][  0]LogPakFile: PakFile PathHashIndexSize=101
[2023.07.04-10.26.25:176][  0]LogPakFile: PakFile FullDirectoryIndexSize=140
[2023.07.04-10.26.25:176][  0]LogShaderLibrary: Display: ShaderCodeLibraryPakFileMountedCallback: PakFile 'E:/UE4/UE_4.27/FeaturePacks/TP_Rolling.upack' (chunk index -1, root 'root:/') mounted
[2023.07.04-10.26.25:176][  0]LogShaderLibrary: Display: ShaderCodeLibraryPakFileMountedCallback: pending pak file info (ChunkID:-1 Root:root:/ File:E:/UE4/UE_4.27/FeaturePacks/TP_Rolling.upack)
[2023.07.04-10.26.25:176][  0]LogPakFile: OnPakFileMounted2Time == 0.000022
[2023.07.04-10.26.25:176][  0]LogPakFile: PakFile PrimaryIndexSize=185
[2023.07.04-10.26.25:176][  0]LogPakFile: PakFile PathHashIndexSize=101
[2023.07.04-10.26.25:176][  0]LogPakFile: PakFile FullDirectoryIndexSize=144
[2023.07.04-10.26.25:176][  0]LogShaderLibrary: Display: ShaderCodeLibraryPakFileMountedCallback: PakFile 'E:/UE4/UE_4.27/FeaturePacks/TP_RollingBP.upack' (chunk index -1, root 'root:/') mounted
[2023.07.04-10.26.25:176][  0]LogShaderLibrary: Display: ShaderCodeLibraryPakFileMountedCallback: pending pak file info (ChunkID:-1 Root:root:/ File:E:/UE4/UE_4.27/FeaturePacks/TP_RollingBP.upack)
[2023.07.04-10.26.25:176][  0]LogPakFile: OnPakFileMounted2Time == 0.000022
[2023.07.04-10.26.25:177][  0]LogPakFile: PakFile PrimaryIndexSize=188
[2023.07.04-10.26.25:177][  0]LogPakFile: PakFile PathHashIndexSize=101
[2023.07.04-10.26.25:177][  0]LogPakFile: PakFile FullDirectoryIndexSize=150
[2023.07.04-10.26.25:177][  0]LogShaderLibrary: Display: ShaderCodeLibraryPakFileMountedCallback: PakFile 'E:/UE4/UE_4.27/FeaturePacks/TP_SideScroller.upack' (chunk index -1, root 'root:/') mounted
[2023.07.04-10.26.25:177][  0]LogShaderLibrary: Display: ShaderCodeLibraryPakFileMountedCallback: pending pak file info (ChunkID:-1 Root:root:/ File:E:/UE4/UE_4.27/FeaturePacks/TP_SideScroller.upack)
[2023.07.04-10.26.25:177][  0]LogPakFile: OnPakFileMounted2Time == 0.000023
[2023.07.04-10.26.25:177][  0]LogPakFile: PakFile PrimaryIndexSize=190
[2023.07.04-10.26.25:177][  0]LogPakFile: PakFile PathHashIndexSize=101
[2023.07.04-10.26.25:177][  0]LogPakFile: PakFile FullDirectoryIndexSize=154
[2023.07.04-10.26.25:177][  0]LogShaderLibrary: Display: ShaderCodeLibraryPakFileMountedCallback: PakFile 'E:/UE4/UE_4.27/FeaturePacks/TP_SideScrollerBP.upack' (chunk index -1, root 'root:/') mounted
[2023.07.04-10.26.25:177][  0]LogShaderLibrary: Display: ShaderCodeLibraryPakFileMountedCallback: pending pak file info (ChunkID:-1 Root:root:/ File:E:/UE4/UE_4.27/FeaturePacks/TP_SideScrollerBP.upack)
[2023.07.04-10.26.25:177][  0]LogPakFile: OnPakFileMounted2Time == 0.000024
[2023.07.04-10.26.25:178][  0]LogPakFile: PakFile PrimaryIndexSize=187
[2023.07.04-10.26.25:178][  0]LogPakFile: PakFile PathHashIndexSize=101
[2023.07.04-10.26.25:178][  0]LogPakFile: PakFile FullDirectoryIndexSize=148
[2023.07.04-10.26.25:178][  0]LogShaderLibrary: Display: ShaderCodeLibraryPakFileMountedCallback: PakFile 'E:/UE4/UE_4.27/FeaturePacks/TP_ThirdPerson.upack' (chunk index -1, root 'root:/') mounted
[2023.07.04-10.26.25:178][  0]LogShaderLibrary: Display: ShaderCodeLibraryPakFileMountedCallback: pending pak file info (ChunkID:-1 Root:root:/ File:E:/UE4/UE_4.27/FeaturePacks/TP_ThirdPerson.upack)
[2023.07.04-10.26.25:178][  0]LogPakFile: OnPakFileMounted2Time == 0.000032
[2023.07.04-10.26.25:178][  0]LogPakFile: PakFile PrimaryIndexSize=189
[2023.07.04-10.26.25:178][  0]LogPakFile: PakFile PathHashIndexSize=101
[2023.07.04-10.26.25:178][  0]LogPakFile: PakFile FullDirectoryIndexSize=152
[2023.07.04-10.26.25:178][  0]LogShaderLibrary: Display: ShaderCodeLibraryPakFileMountedCallback: PakFile 'E:/UE4/UE_4.27/FeaturePacks/TP_ThirdPersonBP.upack' (chunk index -1, root 'root:/') mounted
[2023.07.04-10.26.25:178][  0]LogShaderLibrary: Display: ShaderCodeLibraryPakFileMountedCallback: pending pak file info (ChunkID:-1 Root:root:/ File:E:/UE4/UE_4.27/FeaturePacks/TP_ThirdPersonBP.upack)
[2023.07.04-10.26.25:178][  0]LogPakFile: OnPakFileMounted2Time == 0.000023
[2023.07.04-10.26.25:178][  0]LogPakFile: PakFile PrimaryIndexSize=183
[2023.07.04-10.26.25:178][  0]LogPakFile: PakFile PathHashIndexSize=101
[2023.07.04-10.26.25:178][  0]LogPakFile: PakFile FullDirectoryIndexSize=140
[2023.07.04-10.26.25:178][  0]LogShaderLibrary: Display: ShaderCodeLibraryPakFileMountedCallback: PakFile 'E:/UE4/UE_4.27/FeaturePacks/TP_TopDown.upack' (chunk index -1, root 'root:/') mounted
[2023.07.04-10.26.25:178][  0]LogShaderLibrary: Display: ShaderCodeLibraryPakFileMountedCallback: pending pak file info (ChunkID:-1 Root:root:/ File:E:/UE4/UE_4.27/FeaturePacks/TP_TopDown.upack)
[2023.07.04-10.26.25:178][  0]LogPakFile: OnPakFileMounted2Time == 0.000027
[2023.07.04-10.26.25:179][  0]LogPakFile: PakFile PrimaryIndexSize=185
[2023.07.04-10.26.25:179][  0]LogPakFile: PakFile PathHashIndexSize=101
[2023.07.04-10.26.25:179][  0]LogPakFile: PakFile FullDirectoryIndexSize=144
[2023.07.04-10.26.25:179][  0]LogShaderLibrary: Display: ShaderCodeLibraryPakFileMountedCallback: PakFile 'E:/UE4/UE_4.27/FeaturePacks/TP_TopDownBP.upack' (chunk index -1, root 'root:/') mounted
[2023.07.04-10.26.25:179][  0]LogShaderLibrary: Display: ShaderCodeLibraryPakFileMountedCallback: pending pak file info (ChunkID:-1 Root:root:/ File:E:/UE4/UE_4.27/FeaturePacks/TP_TopDownBP.upack)
[2023.07.04-10.26.25:179][  0]LogPakFile: OnPakFileMounted2Time == 0.000022
[2023.07.04-10.26.25:179][  0]LogPakFile: PakFile PrimaryIndexSize=185
[2023.07.04-10.26.25:179][  0]LogPakFile: PakFile PathHashIndexSize=101
[2023.07.04-10.26.25:179][  0]LogPakFile: PakFile FullDirectoryIndexSize=144
[2023.07.04-10.26.25:179][  0]LogShaderLibrary: Display: ShaderCodeLibraryPakFileMountedCallback: PakFile 'E:/UE4/UE_4.27/FeaturePacks/TP_TwinStick.upack' (chunk index -1, root 'root:/') mounted
[2023.07.04-10.26.25:179][  0]LogShaderLibrary: Display: ShaderCodeLibraryPakFileMountedCallback: pending pak file info (ChunkID:-1 Root:root:/ File:E:/UE4/UE_4.27/FeaturePacks/TP_TwinStick.upack)
[2023.07.04-10.26.25:179][  0]LogPakFile: OnPakFileMounted2Time == 0.000022
[2023.07.04-10.26.25:180][  0]LogPakFile: PakFile PrimaryIndexSize=187
[2023.07.04-10.26.25:180][  0]LogPakFile: PakFile PathHashIndexSize=101
[2023.07.04-10.26.25:180][  0]LogPakFile: PakFile FullDirectoryIndexSize=148
[2023.07.04-10.26.25:180][  0]LogShaderLibrary: Display: ShaderCodeLibraryPakFileMountedCallback: PakFile 'E:/UE4/UE_4.27/FeaturePacks/TP_TwinStickBP.upack' (chunk index -1, root 'root:/') mounted
[2023.07.04-10.26.25:180][  0]LogShaderLibrary: Display: ShaderCodeLibraryPakFileMountedCallback: pending pak file info (ChunkID:-1 Root:root:/ File:E:/UE4/UE_4.27/FeaturePacks/TP_TwinStickBP.upack)
[2023.07.04-10.26.25:180][  0]LogPakFile: OnPakFileMounted2Time == 0.000026
[2023.07.04-10.26.25:180][  0]LogPakFile: PakFile PrimaryIndexSize=183
[2023.07.04-10.26.25:180][  0]LogPakFile: PakFile PathHashIndexSize=101
[2023.07.04-10.26.25:180][  0]LogPakFile: PakFile FullDirectoryIndexSize=140
[2023.07.04-10.26.25:180][  0]LogShaderLibrary: Display: ShaderCodeLibraryPakFileMountedCallback: PakFile 'E:/UE4/UE_4.27/FeaturePacks/TP_Vehicle.upack' (chunk index -1, root 'root:/') mounted
[2023.07.04-10.26.25:180][  0]LogShaderLibrary: Display: ShaderCodeLibraryPakFileMountedCallback: pending pak file info (ChunkID:-1 Root:root:/ File:E:/UE4/UE_4.27/FeaturePacks/TP_Vehicle.upack)
[2023.07.04-10.26.25:180][  0]LogPakFile: OnPakFileMounted2Time == 0.000022
[2023.07.04-10.26.25:180][  0]LogPakFile: PakFile PrimaryIndexSize=186
[2023.07.04-10.26.25:180][  0]LogPakFile: PakFile PathHashIndexSize=101
[2023.07.04-10.26.25:180][  0]LogPakFile: PakFile FullDirectoryIndexSize=146
[2023.07.04-10.26.25:180][  0]LogShaderLibrary: Display: ShaderCodeLibraryPakFileMountedCallback: PakFile 'E:/UE4/UE_4.27/FeaturePacks/TP_VehicleAdv.upack' (chunk index -1, root 'root:/') mounted
[2023.07.04-10.26.25:181][  0]LogShaderLibrary: Display: ShaderCodeLibraryPakFileMountedCallback: pending pak file info (ChunkID:-1 Root:root:/ File:E:/UE4/UE_4.27/FeaturePacks/TP_VehicleAdv.upack)
[2023.07.04-10.26.25:181][  0]LogPakFile: OnPakFileMounted2Time == 0.000022
[2023.07.04-10.26.25:181][  0]LogPakFile: PakFile PrimaryIndexSize=188
[2023.07.04-10.26.25:181][  0]LogPakFile: PakFile PathHashIndexSize=101
[2023.07.04-10.26.25:181][  0]LogPakFile: PakFile FullDirectoryIndexSize=150
[2023.07.04-10.26.25:181][  0]LogShaderLibrary: Display: ShaderCodeLibraryPakFileMountedCallback: PakFile 'E:/UE4/UE_4.27/FeaturePacks/TP_VehicleAdvBP.upack' (chunk index -1, root 'root:/') mounted
[2023.07.04-10.26.25:181][  0]LogShaderLibrary: Display: ShaderCodeLibraryPakFileMountedCallback: pending pak file info (ChunkID:-1 Root:root:/ File:E:/UE4/UE_4.27/FeaturePacks/TP_VehicleAdvBP.upack)
[2023.07.04-10.26.25:181][  0]LogPakFile: OnPakFileMounted2Time == 0.000023
[2023.07.04-10.26.25:181][  0]LogPakFile: PakFile PrimaryIndexSize=185
[2023.07.04-10.26.25:181][  0]LogPakFile: PakFile PathHashIndexSize=101
[2023.07.04-10.26.25:181][  0]LogPakFile: PakFile FullDirectoryIndexSize=144
[2023.07.04-10.26.25:181][  0]LogShaderLibrary: Display: ShaderCodeLibraryPakFileMountedCallback: PakFile 'E:/UE4/UE_4.27/FeaturePacks/TP_VehicleBP.upack' (chunk index -1, root 'root:/') mounted
[2023.07.04-10.26.25:181][  0]LogShaderLibrary: Display: ShaderCodeLibraryPakFileMountedCallback: pending pak file info (ChunkID:-1 Root:root:/ File:E:/UE4/UE_4.27/FeaturePacks/TP_VehicleBP.upack)
[2023.07.04-10.26.25:181][  0]LogPakFile: OnPakFileMounted2Time == 0.000022
[2023.07.04-10.26.25:182][  0]LogPakFile: PakFile PrimaryIndexSize=192
[2023.07.04-10.26.25:182][  0]LogPakFile: PakFile PathHashIndexSize=101
[2023.07.04-10.26.25:182][  0]LogPakFile: PakFile FullDirectoryIndexSize=158
[2023.07.04-10.26.25:182][  0]LogShaderLibrary: Display: ShaderCodeLibraryPakFileMountedCallback: PakFile 'E:/UE4/UE_4.27/FeaturePacks/TP_VirtualRealityBP.upack' (chunk index -1, root 'root:/') mounted
[2023.07.04-10.26.25:182][  0]LogShaderLibrary: Display: ShaderCodeLibraryPakFileMountedCallback: pending pak file info (ChunkID:-1 Root:root:/ File:E:/UE4/UE_4.27/FeaturePacks/TP_VirtualRealityBP.upack)
[2023.07.04-10.26.25:182][  0]LogPakFile: OnPakFileMounted2Time == 0.000022
[2023.07.04-10.26.25:225][  0]LogNativeClassHierarchy: Verbose: Native class hierarchy updated for 'AddContentDialog' in 0.0002 seconds. Added 0 classes and 0 folders.
[2023.07.04-10.26.25:226][  0]LogNativeClassHierarchy: Verbose: Native class hierarchy updated for 'SceneOutliner' in 0.0002 seconds. Added 2 classes and 0 folders.
[2023.07.04-10.26.25:458][  0]LogSlate: Only BGRA pngs, bmps or icos are supported in by External Image Picker
[2023.07.04-10.26.25:523][  0]LogSlate: Took 0.000208 seconds to synchronously load lazily loaded font '../../../Engine/Content/Slate/Fonts/Roboto-Regular.ttf' (155K)
[2023.07.04-10.26.25:524][  0]LogSlate: Took 0.000168 seconds to synchronously load lazily loaded font '../../../Engine/Content/Editor/Slate/Fonts/FontAwesome.ttf' (139K)
[2023.07.04-10.26.25:525][  0]LogSlate: Took 0.000124 seconds to synchronously load lazily loaded font '../../../Engine/Content/Slate/Fonts/Roboto-Bold.ttf' (160K)
[2023.07.04-10.26.25:583][  0]LogRenderer: Reallocating scene render targets to support 1000x452 Format 10 NumSamples 1 (Frame:1).
[2023.07.04-10.26.25:641][  0]LogNativeClassHierarchy: Verbose: Native class hierarchy updated for 'HierarchicalLODOutliner' in 0.0002 seconds. Added 0 classes and 0 folders.
[2023.07.04-10.26.25:641][  0]LogLoad: (Engine Initialization) Total time: 7.05 seconds
[2023.07.04-10.26.25:641][  0]LogLoad: (Engine Initialization) Total Blueprint compile time: 0.00 seconds
[2023.07.04-10.26.25:658][  0]LoadErrors: Warning: CreateExport: Failed to load Outer for resource 'Capsule': AI_C /Game/SideScrollerBP/Maps/ThirdPersonExampleMap.ThirdPersonExampleMap:PersistentLevel.AI_2
[2023.07.04-10.26.25:658][  0]LoadErrors: Warning: CreateExport: Failed to load Outer for resource 'PawnSensing': AI_C /Game/SideScrollerBP/Maps/ThirdPersonExampleMap.ThirdPersonExampleMap:PersistentLevel.AI_2
[2023.07.04-10.26.25:658][  0]LoadErrors: Warning: CreateExport: Failed to load Outer for resource 'DefaultSceneRoot': AI_C /Game/SideScrollerBP/Maps/ThirdPersonExampleMap.ThirdPersonExampleMap:PersistentLevel.AI_2
[2023.07.04-10.26.25:658][  0]LoadErrors: Warning: CreateExport: Failed to load Outer for resource 'SkeletalMesh': AI_C /Game/SideScrollerBP/Maps/ThirdPersonExampleMap.ThirdPersonExampleMap:PersistentLevel.AI_2
[2023.07.04-10.26.25:741][  0]LogAssetRegistry: Asset discovery search completed in 4.6260 seconds
[2023.07.04-10.26.25:745][  0]LogCollectionManager: Fixed up redirectors for 0 collections in 0.000003 seconds (updated 0 objects)
[2023.07.04-10.26.25:747][  0]LogContentStreaming: Texture pool size now 1000 MB
[2023.07.04-10.26.25:784][  0]LogSlate: Took 0.000139 seconds to synchronously load lazily loaded font '../../../Engine/Content/Slate/Fonts/DroidSansMono.ttf' (77K)
[2023.07.04-10.26.26:334][  2]LogSlate: Took 0.000187 seconds to synchronously load lazily loaded font '../../../Engine/Content/Slate/Fonts/Roboto-Light.ttf' (167K)
[2023.07.04-10.26.36:049][ 31]LogSlate: Window 'Message Log' being destroyed
[2023.07.04-10.26.36:053][ 31]LogSlate: Window 'Message Log' being destroyed
[2023.07.04-10.26.45:714][ 56]LogSlate: Took 0.000158 seconds to synchronously load lazily loaded font '../../../Engine/Content/Slate/Fonts/Roboto-Light.ttf' (167K)
[2023.07.04-10.26.45:753][ 56]LogEditorClassViewer: Warning: Class /Engine/Tutorial/InWorldBlueprintEditing/TutorialAssets/IWBE_Blutility.IWBE_Blutility_C has parent /Script/Blutility.PlacedEditorUtilityBase, but this parent is not found. The Class will not be shown in ClassViewer.
[2023.07.04-10.26.46:718][ 56]LogSlate: Window 'Pick Parent Class' being destroyed
[2023.07.04-10.26.46:727][ 56]LogContentBrowser: Deferred new asset file creation: NewBlueprint
[2023.07.04-10.26.46:731][ 56]LogContentBrowser: Creating deferred item: NewBlueprint
[2023.07.04-10.26.50:723][526]LogContentBrowser: Attempting asset rename: NewBlueprint -> AI_Enemy1
[2023.07.04-10.26.50:793][526]LogContentBrowser: End creating deferred item NewBlueprint
[2023.07.04-10.26.50:944][539]LogAssetEditorSubsystem: Opening Asset editor for Blueprint /Game/BP/AI/AI_Enemy1.AI_Enemy1
[2023.07.04-10.26.51:136][539]LogNativeClassHierarchy: Verbose: Native class hierarchy updated for 'BlueprintGraph' in 0.0004 seconds. Added 126 classes and 0 folders.
[2023.07.04-10.26.51:800][539]LogRenderer: Reallocating scene render targets to support 1000x560 Format 10 NumSamples 1 (Frame:1).
[2023.07.04-10.26.52:695][639]LogSlate: Took 0.000193 seconds to synchronously load lazily loaded font '../../../Engine/Content/Slate/Fonts/Roboto-BoldCondensed.ttf' (158K)
[2023.07.04-10.26.53:466][718]LogSlate: Took 0.000195 seconds to synchronously load lazily loaded font '../../../Engine/Content/Slate/Fonts/Roboto-Italic.ttf' (157K)
[2023.07.04-10.26.59:858][394]BlueprintLog: New page: Compile AI_Enemy1
[2023.07.04-10.26.59:895][394]LogUObjectHash: Compacting FUObjectHashTables data took   1.58ms
[2023.07.04-10.27.00:670][467]LogUObjectHash: Compacting FUObjectHashTables data took   1.33ms
[2023.07.04-10.27.00:795][467]Cmd: OBJ SAVEPACKAGE PACKAGE="/Game/BP/AI/AI_Enemy1" FILE="C:/Users/Gagik/Documents/Unreal Projects/FL/projectmantle/Content/BP/AI/AI_Enemy1.uasset" SILENT=true
[2023.07.04-10.27.00:805][467]LogSavePackage: Moving 'C:/Users/Gagik/Documents/Unreal Projects/FL/projectmantle/Saved/AI_Enemy1E933270445E7BE7437E41B8831292541.tmp' to 'C:/Users/Gagik/Documents/Unreal Projects/FL/projectmantle/Content/BP/AI/AI_Enemy1.uasset'
[2023.07.04-10.27.00:941][467]AssetCheck: New page: Asset Save: AI_Enemy1
[2023.07.04-10.27.00:941][467]LogContentValidation: Display: Validating Blueprint /Game/BP/AI/AI_Enemy1.AI_Enemy1
[2023.07.04-10.27.01:585][514]LogSlate: Window 'AI_Enemy1' being destroyed
[2023.07.04-10.27.01:589][514]LogSlate: Window 'AI_Enemy1' being destroyed
[2023.07.04-10.27.01:593][514]LogWorld: UWorld::CleanupWorld for World_5, bSessionEnded=true, bCleanupResources=true
[2023.07.04-10.27.01:593][514]LogSlate: InvalidateAllWidgets triggered.  All widgets were invalidated
